{"C:\\exaltweb\\code\\lab\\dev-dashboard\\src\\App.vue": {"path":"C:\\exaltweb\\code\\lab\\dev-dashboard\\src\\App.vue","statementMap":{"0":{"start":{"line":16,"column":6},"end":{"line":16,"column":null}},"1":{"start":{"line":17,"column":15},"end":{"line":17,"column":null}},"2":{"start":{"line":18,"column":6},"end":{"line":18,"column":null}},"3":{"start":{"line":21,"column":0},"end":{"line":23,"column":null}},"4":{"start":{"line":21,"column":12},"end":{"line":21,"column":43}},"5":{"start":{"line":22,"column":2},"end":{"line":22,"column":null}},"6":{"start":{"line":22,"column":11},"end":{"line":22,"column":null}},"7":{"start":{"line":25,"column":0},"end":{"line":32,"column":null}},"8":{"start":{"line":26,"column":2},"end":{"line":31,"column":null}},"9":{"start":{"line":28,"column":4},"end":{"line":28,"column":null}},"10":{"start":{"line":30,"column":4},"end":{"line":30,"column":null}},"11":{"start":{"line":2,"column":13},"end":{"line":7,"column":null}}},"fnMap":{"0":{"name":"(anonymous_0)","decl":{"start":{"line":21,"column":6},"end":{"line":21,"column":12}},"loc":{"start":{"line":21,"column":12},"end":{"line":21,"column":43}},"line":21},"1":{"name":"(anonymous_1)","decl":{"start":{"line":21,"column":43},"end":{"line":21,"column":44}},"loc":{"start":{"line":21,"column":52},"end":{"line":23,"column":3}},"line":21},"2":{"name":"(anonymous_2)","decl":{"start":{"line":25,"column":10},"end":{"line":25,"column":22}},"loc":{"start":{"line":25,"column":22},"end":{"line":32,"column":1}},"line":25}},"branchMap":{"0":{"loc":{"start":{"line":22,"column":2},"end":{"line":22,"column":null}},"type":"if","locations":[{"start":{"line":22,"column":2},"end":{"line":22,"column":null}},{"start":{},"end":{}}],"line":22},"1":{"loc":{"start":{"line":2,"column":13},"end":{"line":7,"column":null}},"type":"if","locations":[{"start":{"line":2,"column":13},"end":{"line":7,"column":null}}],"line":2}},"s":{"0":0,"1":0,"2":0,"3":0,"4":0,"5":0,"6":0,"7":0,"8":0,"9":0,"10":0,"11":0},"f":{"0":0,"1":0,"2":0},"b":{"0":[0,0],"1":[0]},"meta":{"lastBranch":2,"lastFunction":3,"lastStatement":12,"seen":{"s:16:6:16:Infinity":0,"s:17:15:17:Infinity":1,"s:18:6:18:Infinity":2,"s:21:0:23:Infinity":3,"f:21:6:21:12":0,"s:21:12:21:43":4,"f:21:43:21:44":1,"b:22:2:22:Infinity:undefined:undefined:undefined:undefined":0,"s:22:2:22:Infinity":5,"s:22:11:22:Infinity":6,"s:25:0:32:Infinity":7,"f:25:10:25:22":2,"s:26:2:31:Infinity":8,"s:28:4:28:Infinity":9,"s:30:4:30:Infinity":10,"b:2:13:7:Infinity":1,"s:2:13:7:Infinity":11}}}
,"C:\\exaltweb\\code\\lab\\dev-dashboard\\src\\env.d.ts": {"path":"C:\\exaltweb\\code\\lab\\dev-dashboard\\src\\env.d.ts","statementMap":{},"fnMap":{},"branchMap":{},"s":{},"f":{},"b":{},"meta":{"lastBranch":0,"lastFunction":0,"lastStatement":0,"seen":{}}}
,"C:\\exaltweb\\code\\lab\\dev-dashboard\\src\\mock-wrappers.ts": {"path":"C:\\exaltweb\\code\\lab\\dev-dashboard\\src\\mock-wrappers.ts","statementMap":{"0":{"start":{"line":1,"column":26},"end":{"line":1,"column":null}},"1":{"start":{"line":1,"column":39},"end":{"line":1,"column":null}},"2":{"start":{"line":2,"column":35},"end":{"line":2,"column":null}},"3":{"start":{"line":2,"column":48},"end":{"line":2,"column":null}},"4":{"start":{"line":3,"column":28},"end":{"line":3,"column":null}},"5":{"start":{"line":3,"column":41},"end":{"line":3,"column":null}}},"fnMap":{"0":{"name":"(anonymous_0)","decl":{"start":{"line":1,"column":26},"end":{"line":1,"column":27}},"loc":{"start":{"line":1,"column":39},"end":{"line":1,"column":null}},"line":1},"1":{"name":"(anonymous_1)","decl":{"start":{"line":2,"column":35},"end":{"line":2,"column":36}},"loc":{"start":{"line":2,"column":48},"end":{"line":2,"column":null}},"line":2},"2":{"name":"(anonymous_2)","decl":{"start":{"line":3,"column":28},"end":{"line":3,"column":29}},"loc":{"start":{"line":3,"column":41},"end":{"line":3,"column":null}},"line":3}},"branchMap":{},"s":{"0":0,"1":0,"2":0,"3":0,"4":0,"5":0},"f":{"0":0,"1":0,"2":0},"b":{},"meta":{"lastBranch":0,"lastFunction":3,"lastStatement":6,"seen":{"s:1:26:1:Infinity":0,"f:1:26:1:27":0,"s:1:39:1:Infinity":1,"s:2:35:2:Infinity":2,"f:2:35:2:36":1,"s:2:48:2:Infinity":3,"s:3:28:3:Infinity":4,"f:3:28:3:29":2,"s:3:41:3:Infinity":5}}}
,"C:\\exaltweb\\code\\lab\\dev-dashboard\\src-electron\\electron-env.d.ts": {"path":"C:\\exaltweb\\code\\lab\\dev-dashboard\\src-electron\\electron-env.d.ts","statementMap":{},"fnMap":{},"branchMap":{},"s":{},"f":{},"b":{},"meta":{"lastBranch":0,"lastFunction":0,"lastStatement":0,"seen":{}}}
,"C:\\exaltweb\\code\\lab\\dev-dashboard\\src-electron\\electron-main.ts": {"path":"C:\\exaltweb\\code\\lab\\dev-dashboard\\src-electron\\electron-main.ts","statementMap":{"0":{"start":{"line":14,"column":17},"end":{"line":14,"column":null}},"1":{"start":{"line":15,"column":6},"end":{"line":15,"column":null}},"2":{"start":{"line":38,"column":8},"end":{"line":38,"column":null}},"3":{"start":{"line":39,"column":2},"end":{"line":39,"column":null}},"4":{"start":{"line":41,"column":14},"end":{"line":41,"column":null}},"5":{"start":{"line":42,"column":19},"end":{"line":42,"column":null}},"6":{"start":{"line":43,"column":15},"end":{"line":43,"column":null}},"7":{"start":{"line":45,"column":19},"end":{"line":45,"column":null}},"8":{"start":{"line":46,"column":2},"end":{"line":51,"column":null}},"9":{"start":{"line":47,"column":15},"end":{"line":47,"column":null}},"10":{"start":{"line":48,"column":4},"end":{"line":48,"column":null}},"11":{"start":{"line":50,"column":4},"end":{"line":50,"column":null}},"12":{"start":{"line":53,"column":17},"end":{"line":53,"column":null}},"13":{"start":{"line":54,"column":38},"end":{"line":54,"column":null}},"14":{"start":{"line":55,"column":13},"end":{"line":55,"column":null}},"15":{"start":{"line":56,"column":2},"end":{"line":56,"column":null}},"16":{"start":{"line":59,"column":2},"end":{"line":66,"column":null}},"17":{"start":{"line":60,"column":4},"end":{"line":60,"column":null}},"18":{"start":{"line":60,"column":21},"end":{"line":60,"column":null}},"19":{"start":{"line":61,"column":19},"end":{"line":63,"column":null}},"20":{"start":{"line":64,"column":4},"end":{"line":64,"column":null}},"21":{"start":{"line":64,"column":25},"end":{"line":64,"column":null}},"22":{"start":{"line":65,"column":4},"end":{"line":65,"column":null}},"23":{"start":{"line":68,"column":2},"end":{"line":82,"column":null}},"24":{"start":{"line":69,"column":4},"end":{"line":69,"column":null}},"25":{"start":{"line":69,"column":21},"end":{"line":69,"column":null}},"26":{"start":{"line":70,"column":19},"end":{"line":74,"column":null}},"27":{"start":{"line":76,"column":4},"end":{"line":80,"column":null}},"28":{"start":{"line":77,"column":17},"end":{"line":77,"column":null}},"29":{"start":{"line":78,"column":6},"end":{"line":78,"column":null}},"30":{"start":{"line":79,"column":6},"end":{"line":79,"column":null}},"31":{"start":{"line":81,"column":4},"end":{"line":81,"column":null}},"32":{"start":{"line":84,"column":2},"end":{"line":98,"column":null}},"33":{"start":{"line":85,"column":4},"end":{"line":85,"column":null}},"34":{"start":{"line":85,"column":21},"end":{"line":85,"column":null}},"35":{"start":{"line":86,"column":19},"end":{"line":90,"column":null}},"36":{"start":{"line":92,"column":4},"end":{"line":96,"column":null}},"37":{"start":{"line":93,"column":17},"end":{"line":93,"column":null}},"38":{"start":{"line":94,"column":22},"end":{"line":94,"column":null}},"39":{"start":{"line":95,"column":6},"end":{"line":95,"column":null}},"40":{"start":{"line":97,"column":4},"end":{"line":97,"column":null}},"41":{"start":{"line":100,"column":2},"end":{"line":104,"column":null}},"42":{"start":{"line":101,"column":4},"end":{"line":103,"column":null}},"43":{"start":{"line":102,"column":6},"end":{"line":102,"column":null}},"44":{"start":{"line":106,"column":2},"end":{"line":108,"column":null}},"45":{"start":{"line":107,"column":4},"end":{"line":107,"column":null}},"46":{"start":{"line":110,"column":2},"end":{"line":120,"column":null}},"47":{"start":{"line":111,"column":4},"end":{"line":119,"column":null}},"48":{"start":{"line":112,"column":27},"end":{"line":112,"column":null}},"49":{"start":{"line":113,"column":20},"end":{"line":113,"column":null}},"50":{"start":{"line":114,"column":28},"end":{"line":114,"column":null}},"51":{"start":{"line":114,"column":77},"end":{"line":114,"column":83}},"52":{"start":{"line":115,"column":22},"end":{"line":115,"column":null}},"53":{"start":{"line":115,"column":40},"end":{"line":115,"column":66}},"54":{"start":{"line":116,"column":6},"end":{"line":116,"column":null}},"55":{"start":{"line":117,"column":6},"end":{"line":117,"column":null}},"56":{"start":{"line":118,"column":6},"end":{"line":118,"column":null}},"57":{"start":{"line":122,"column":2},"end":{"line":129,"column":null}},"58":{"start":{"line":123,"column":4},"end":{"line":128,"column":null}},"59":{"start":{"line":124,"column":21},"end":{"line":124,"column":null}},"60":{"start":{"line":125,"column":6},"end":{"line":125,"column":null}},"61":{"start":{"line":125,"column":69},"end":{"line":125,"column":80}},"62":{"start":{"line":126,"column":6},"end":{"line":126,"column":null}},"63":{"start":{"line":127,"column":6},"end":{"line":127,"column":null}},"64":{"start":{"line":132,"column":2},"end":{"line":134,"column":null}},"65":{"start":{"line":133,"column":4},"end":{"line":133,"column":null}},"66":{"start":{"line":136,"column":2},"end":{"line":142,"column":null}},"67":{"start":{"line":137,"column":4},"end":{"line":141,"column":null}},"68":{"start":{"line":138,"column":6},"end":{"line":138,"column":null}},"69":{"start":{"line":139,"column":6},"end":{"line":139,"column":null}},"70":{"start":{"line":140,"column":6},"end":{"line":140,"column":null}},"71":{"start":{"line":144,"column":2},"end":{"line":148,"column":null}},"72":{"start":{"line":145,"column":21},"end":{"line":145,"column":null}},"73":{"start":{"line":146,"column":4},"end":{"line":146,"column":null}},"74":{"start":{"line":147,"column":4},"end":{"line":147,"column":null}},"75":{"start":{"line":150,"column":2},"end":{"line":154,"column":null}},"76":{"start":{"line":151,"column":21},"end":{"line":151,"column":null}},"77":{"start":{"line":152,"column":4},"end":{"line":152,"column":null}},"78":{"start":{"line":153,"column":4},"end":{"line":153,"column":null}},"79":{"start":{"line":156,"column":2},"end":{"line":162,"column":null}},"80":{"start":{"line":157,"column":4},"end":{"line":161,"column":null}},"81":{"start":{"line":158,"column":23},"end":{"line":158,"column":null}},"82":{"start":{"line":159,"column":6},"end":{"line":159,"column":null}},"83":{"start":{"line":160,"column":6},"end":{"line":160,"column":null}},"84":{"start":{"line":164,"column":2},"end":{"line":167,"column":null}},"85":{"start":{"line":165,"column":4},"end":{"line":165,"column":null}},"86":{"start":{"line":166,"column":4},"end":{"line":166,"column":null}},"87":{"start":{"line":169,"column":2},"end":{"line":180,"column":null}},"88":{"start":{"line":170,"column":4},"end":{"line":179,"column":null}},"89":{"start":{"line":171,"column":6},"end":{"line":178,"column":null}},"90":{"start":{"line":172,"column":25},"end":{"line":172,"column":null}},"91":{"start":{"line":173,"column":8},"end":{"line":173,"column":null}},"92":{"start":{"line":173,"column":19},"end":{"line":173,"column":null}},"93":{"start":{"line":174,"column":22},"end":{"line":174,"column":null}},"94":{"start":{"line":175,"column":8},"end":{"line":175,"column":null}},"95":{"start":{"line":177,"column":8},"end":{"line":177,"column":null}},"96":{"start":{"line":182,"column":2},"end":{"line":188,"column":null}},"97":{"start":{"line":183,"column":4},"end":{"line":187,"column":null}},"98":{"start":{"line":184,"column":23},"end":{"line":184,"column":null}},"99":{"start":{"line":185,"column":6},"end":{"line":185,"column":null}},"100":{"start":{"line":186,"column":6},"end":{"line":186,"column":null}},"101":{"start":{"line":190,"column":2},"end":{"line":196,"column":null}},"102":{"start":{"line":191,"column":4},"end":{"line":195,"column":null}},"103":{"start":{"line":192,"column":23},"end":{"line":192,"column":null}},"104":{"start":{"line":193,"column":6},"end":{"line":193,"column":null}},"105":{"start":{"line":194,"column":6},"end":{"line":194,"column":null}},"106":{"start":{"line":198,"column":2},"end":{"line":204,"column":null}},"107":{"start":{"line":199,"column":4},"end":{"line":203,"column":null}},"108":{"start":{"line":200,"column":6},"end":{"line":200,"column":null}},"109":{"start":{"line":201,"column":6},"end":{"line":201,"column":null}},"110":{"start":{"line":202,"column":6},"end":{"line":202,"column":null}},"111":{"start":{"line":206,"column":2},"end":{"line":222,"column":null}},"112":{"start":{"line":207,"column":4},"end":{"line":221,"column":null}},"113":{"start":{"line":208,"column":6},"end":{"line":220,"column":null}},"114":{"start":{"line":209,"column":24},"end":{"line":209,"column":null}},"115":{"start":{"line":210,"column":20},"end":{"line":210,"column":null}},"116":{"start":{"line":210,"column":52},"end":{"line":210,"column":71}},"117":{"start":{"line":211,"column":8},"end":{"line":217,"column":null}},"118":{"start":{"line":212,"column":10},"end":{"line":212,"column":null}},"119":{"start":{"line":213,"column":10},"end":{"line":213,"column":null}},"120":{"start":{"line":214,"column":10},"end":{"line":214,"column":null}},"121":{"start":{"line":216,"column":10},"end":{"line":216,"column":null}},"122":{"start":{"line":219,"column":8},"end":{"line":219,"column":null}},"123":{"start":{"line":224,"column":2},"end":{"line":226,"column":null}},"124":{"start":{"line":225,"column":4},"end":{"line":225,"column":null}},"125":{"start":{"line":228,"column":2},"end":{"line":235,"column":null}},"126":{"start":{"line":229,"column":4},"end":{"line":234,"column":null}},"127":{"start":{"line":230,"column":21},"end":{"line":230,"column":null}},"128":{"start":{"line":231,"column":6},"end":{"line":231,"column":null}},"129":{"start":{"line":231,"column":56},"end":{"line":231,"column":67}},"130":{"start":{"line":232,"column":6},"end":{"line":232,"column":null}},"131":{"start":{"line":233,"column":6},"end":{"line":233,"column":null}},"132":{"start":{"line":237,"column":2},"end":{"line":258,"column":null}},"133":{"start":{"line":238,"column":4},"end":{"line":257,"column":null}},"134":{"start":{"line":239,"column":6},"end":{"line":256,"column":null}},"135":{"start":{"line":240,"column":24},"end":{"line":240,"column":null}},"136":{"start":{"line":241,"column":8},"end":{"line":241,"column":null}},"137":{"start":{"line":241,"column":18},"end":{"line":241,"column":null}},"138":{"start":{"line":243,"column":25},"end":{"line":243,"column":null}},"139":{"start":{"line":244,"column":21},"end":{"line":244,"column":null}},"140":{"start":{"line":246,"column":27},"end":{"line":246,"column":null}},"141":{"start":{"line":247,"column":26},"end":{"line":248,"column":null}},"142":{"start":{"line":250,"column":8},"end":{"line":253,"column":null}},"143":{"start":{"line":255,"column":8},"end":{"line":255,"column":null}},"144":{"start":{"line":260,"column":2},"end":{"line":267,"column":null}},"145":{"start":{"line":261,"column":4},"end":{"line":266,"column":null}},"146":{"start":{"line":262,"column":23},"end":{"line":262,"column":null}},"147":{"start":{"line":263,"column":6},"end":{"line":263,"column":null}},"148":{"start":{"line":264,"column":6},"end":{"line":264,"column":null}},"149":{"start":{"line":265,"column":6},"end":{"line":265,"column":null}},"150":{"start":{"line":270,"column":2},"end":{"line":270,"column":null}},"151":{"start":{"line":274,"column":2},"end":{"line":274,"column":null}},"152":{"start":{"line":276,"column":2},"end":{"line":288,"column":null}},"153":{"start":{"line":290,"column":2},"end":{"line":294,"column":null}},"154":{"start":{"line":291,"column":4},"end":{"line":291,"column":null}},"155":{"start":{"line":293,"column":4},"end":{"line":293,"column":null}},"156":{"start":{"line":296,"column":2},"end":{"line":298,"column":null}},"157":{"start":{"line":297,"column":4},"end":{"line":297,"column":null}},"158":{"start":{"line":301,"column":0},"end":{"line":301,"column":null}},"159":{"start":{"line":303,"column":0},"end":{"line":307,"column":null}},"160":{"start":{"line":304,"column":2},"end":{"line":306,"column":null}},"161":{"start":{"line":305,"column":4},"end":{"line":305,"column":null}},"162":{"start":{"line":309,"column":0},"end":{"line":313,"column":null}},"163":{"start":{"line":310,"column":2},"end":{"line":312,"column":null}},"164":{"start":{"line":311,"column":4},"end":{"line":311,"column":null}}},"fnMap":{"0":{"name":"startInternalServer","decl":{"start":{"line":37,"column":15},"end":{"line":37,"column":37}},"loc":{"start":{"line":37,"column":37},"end":{"line":271,"column":null}},"line":37},"1":{"name":"(anonymous_1)","decl":{"start":{"line":59,"column":34},"end":{"line":59,"column":46}},"loc":{"start":{"line":59,"column":46},"end":{"line":66,"column":3}},"line":59},"2":{"name":"(anonymous_2)","decl":{"start":{"line":68,"column":37},"end":{"line":68,"column":44}},"loc":{"start":{"line":68,"column":68},"end":{"line":82,"column":3}},"line":68},"3":{"name":"(anonymous_3)","decl":{"start":{"line":84,"column":37},"end":{"line":84,"column":49}},"loc":{"start":{"line":84,"column":49},"end":{"line":98,"column":3}},"line":84},"4":{"name":"(anonymous_4)","decl":{"start":{"line":100,"column":34},"end":{"line":100,"column":35}},"loc":{"start":{"line":100,"column":48},"end":{"line":104,"column":3}},"line":100},"5":{"name":"(anonymous_5)","decl":{"start":{"line":101,"column":10},"end":{"line":101,"column":22}},"loc":{"start":{"line":101,"column":22},"end":{"line":103,"column":7}},"line":101},"6":{"name":"(anonymous_6)","decl":{"start":{"line":106,"column":30},"end":{"line":106,"column":31}},"loc":{"start":{"line":106,"column":44},"end":{"line":108,"column":3}},"line":106},"7":{"name":"(anonymous_7)","decl":{"start":{"line":110,"column":36},"end":{"line":110,"column":37}},"loc":{"start":{"line":110,"column":50},"end":{"line":120,"column":3}},"line":110},"8":{"name":"(anonymous_8)","decl":{"start":{"line":111,"column":10},"end":{"line":111,"column":22}},"loc":{"start":{"line":111,"column":22},"end":{"line":119,"column":7}},"line":111},"9":{"name":"(anonymous_9)","decl":{"start":{"line":114,"column":57},"end":{"line":114,"column":58}},"loc":{"start":{"line":114,"column":77},"end":{"line":114,"column":83}},"line":114},"10":{"name":"(anonymous_10)","decl":{"start":{"line":115,"column":35},"end":{"line":115,"column":40}},"loc":{"start":{"line":115,"column":40},"end":{"line":115,"column":66}},"line":115},"11":{"name":"(anonymous_11)","decl":{"start":{"line":122,"column":38},"end":{"line":122,"column":39}},"loc":{"start":{"line":122,"column":52},"end":{"line":129,"column":3}},"line":122},"12":{"name":"(anonymous_12)","decl":{"start":{"line":123,"column":10},"end":{"line":123,"column":22}},"loc":{"start":{"line":123,"column":22},"end":{"line":128,"column":7}},"line":123},"13":{"name":"(anonymous_13)","decl":{"start":{"line":125,"column":49},"end":{"line":125,"column":50}},"loc":{"start":{"line":125,"column":69},"end":{"line":125,"column":80}},"line":125},"14":{"name":"(anonymous_14)","decl":{"start":{"line":132,"column":30},"end":{"line":132,"column":31}},"loc":{"start":{"line":132,"column":44},"end":{"line":134,"column":3}},"line":132},"15":{"name":"(anonymous_15)","decl":{"start":{"line":136,"column":31},"end":{"line":136,"column":32}},"loc":{"start":{"line":136,"column":45},"end":{"line":142,"column":3}},"line":136},"16":{"name":"(anonymous_16)","decl":{"start":{"line":137,"column":10},"end":{"line":137,"column":22}},"loc":{"start":{"line":137,"column":22},"end":{"line":141,"column":7}},"line":137},"17":{"name":"(anonymous_17)","decl":{"start":{"line":144,"column":40},"end":{"line":144,"column":41}},"loc":{"start":{"line":144,"column":54},"end":{"line":148,"column":3}},"line":144},"18":{"name":"(anonymous_18)","decl":{"start":{"line":150,"column":44},"end":{"line":150,"column":45}},"loc":{"start":{"line":150,"column":58},"end":{"line":154,"column":3}},"line":150},"19":{"name":"(anonymous_19)","decl":{"start":{"line":156,"column":42},"end":{"line":156,"column":43}},"loc":{"start":{"line":156,"column":56},"end":{"line":162,"column":3}},"line":156},"20":{"name":"(anonymous_20)","decl":{"start":{"line":157,"column":10},"end":{"line":157,"column":22}},"loc":{"start":{"line":157,"column":22},"end":{"line":161,"column":7}},"line":157},"21":{"name":"(anonymous_21)","decl":{"start":{"line":164,"column":48},"end":{"line":164,"column":49}},"loc":{"start":{"line":164,"column":62},"end":{"line":167,"column":3}},"line":164},"22":{"name":"(anonymous_22)","decl":{"start":{"line":169,"column":39},"end":{"line":169,"column":40}},"loc":{"start":{"line":169,"column":53},"end":{"line":180,"column":3}},"line":169},"23":{"name":"(anonymous_23)","decl":{"start":{"line":170,"column":10},"end":{"line":170,"column":22}},"loc":{"start":{"line":170,"column":22},"end":{"line":179,"column":7}},"line":170},"24":{"name":"(anonymous_24)","decl":{"start":{"line":182,"column":40},"end":{"line":182,"column":41}},"loc":{"start":{"line":182,"column":54},"end":{"line":188,"column":3}},"line":182},"25":{"name":"(anonymous_25)","decl":{"start":{"line":183,"column":10},"end":{"line":183,"column":22}},"loc":{"start":{"line":183,"column":22},"end":{"line":187,"column":7}},"line":183},"26":{"name":"(anonymous_26)","decl":{"start":{"line":190,"column":40},"end":{"line":190,"column":41}},"loc":{"start":{"line":190,"column":54},"end":{"line":196,"column":3}},"line":190},"27":{"name":"(anonymous_27)","decl":{"start":{"line":191,"column":10},"end":{"line":191,"column":22}},"loc":{"start":{"line":191,"column":22},"end":{"line":195,"column":7}},"line":191},"28":{"name":"(anonymous_28)","decl":{"start":{"line":198,"column":40},"end":{"line":198,"column":41}},"loc":{"start":{"line":198,"column":54},"end":{"line":204,"column":3}},"line":198},"29":{"name":"(anonymous_29)","decl":{"start":{"line":199,"column":10},"end":{"line":199,"column":22}},"loc":{"start":{"line":199,"column":22},"end":{"line":203,"column":7}},"line":199},"30":{"name":"(anonymous_30)","decl":{"start":{"line":206,"column":38},"end":{"line":206,"column":39}},"loc":{"start":{"line":206,"column":52},"end":{"line":222,"column":3}},"line":206},"31":{"name":"(anonymous_31)","decl":{"start":{"line":207,"column":10},"end":{"line":207,"column":22}},"loc":{"start":{"line":207,"column":22},"end":{"line":221,"column":7}},"line":207},"32":{"name":"(anonymous_32)","decl":{"start":{"line":210,"column":47},"end":{"line":210,"column":52}},"loc":{"start":{"line":210,"column":52},"end":{"line":210,"column":71}},"line":210},"33":{"name":"(anonymous_33)","decl":{"start":{"line":224,"column":31},"end":{"line":224,"column":32}},"loc":{"start":{"line":224,"column":45},"end":{"line":226,"column":3}},"line":224},"34":{"name":"(anonymous_34)","decl":{"start":{"line":228,"column":39},"end":{"line":228,"column":40}},"loc":{"start":{"line":228,"column":53},"end":{"line":235,"column":3}},"line":228},"35":{"name":"(anonymous_35)","decl":{"start":{"line":229,"column":10},"end":{"line":229,"column":22}},"loc":{"start":{"line":229,"column":22},"end":{"line":234,"column":7}},"line":229},"36":{"name":"(anonymous_36)","decl":{"start":{"line":231,"column":51},"end":{"line":231,"column":56}},"loc":{"start":{"line":231,"column":56},"end":{"line":231,"column":67}},"line":231},"37":{"name":"(anonymous_37)","decl":{"start":{"line":237,"column":43},"end":{"line":237,"column":44}},"loc":{"start":{"line":237,"column":57},"end":{"line":258,"column":3}},"line":237},"38":{"name":"(anonymous_38)","decl":{"start":{"line":238,"column":10},"end":{"line":238,"column":22}},"loc":{"start":{"line":238,"column":22},"end":{"line":257,"column":7}},"line":238},"39":{"name":"(anonymous_39)","decl":{"start":{"line":260,"column":32},"end":{"line":260,"column":33}},"loc":{"start":{"line":260,"column":46},"end":{"line":267,"column":3}},"line":260},"40":{"name":"(anonymous_40)","decl":{"start":{"line":261,"column":10},"end":{"line":261,"column":22}},"loc":{"start":{"line":261,"column":22},"end":{"line":266,"column":7}},"line":261},"41":{"name":"createWindow","decl":{"start":{"line":273,"column":15},"end":{"line":273,"column":30}},"loc":{"start":{"line":273,"column":30},"end":{"line":299,"column":null}},"line":273},"42":{"name":"(anonymous_42)","decl":{"start":{"line":296,"column":26},"end":{"line":296,"column":32}},"loc":{"start":{"line":296,"column":32},"end":{"line":298,"column":3}},"line":296},"43":{"name":"(anonymous_43)","decl":{"start":{"line":303,"column":28},"end":{"line":303,"column":34}},"loc":{"start":{"line":303,"column":34},"end":{"line":307,"column":1}},"line":303},"44":{"name":"(anonymous_44)","decl":{"start":{"line":309,"column":19},"end":{"line":309,"column":25}},"loc":{"start":{"line":309,"column":25},"end":{"line":313,"column":1}},"line":309}},"branchMap":{"0":{"loc":{"start":{"line":14,"column":17},"end":{"line":14,"column":null}},"type":"binary-expr","locations":[{"start":{"line":14,"column":17},"end":{"line":14,"column":37}},{"start":{"line":14,"column":37},"end":{"line":14,"column":null}}],"line":14},"1":{"loc":{"start":{"line":60,"column":4},"end":{"line":60,"column":null}},"type":"if","locations":[{"start":{"line":60,"column":4},"end":{"line":60,"column":null}},{"start":{},"end":{}}],"line":60},"2":{"loc":{"start":{"line":64,"column":4},"end":{"line":64,"column":null}},"type":"if","locations":[{"start":{"line":64,"column":4},"end":{"line":64,"column":null}},{"start":{},"end":{}}],"line":64},"3":{"loc":{"start":{"line":69,"column":4},"end":{"line":69,"column":null}},"type":"if","locations":[{"start":{"line":69,"column":4},"end":{"line":69,"column":null}},{"start":{},"end":{}}],"line":69},"4":{"loc":{"start":{"line":76,"column":4},"end":{"line":80,"column":null}},"type":"if","locations":[{"start":{"line":76,"column":4},"end":{"line":80,"column":null}},{"start":{},"end":{}}],"line":76},"5":{"loc":{"start":{"line":76,"column":8},"end":{"line":76,"column":45}},"type":"binary-expr","locations":[{"start":{"line":76,"column":8},"end":{"line":76,"column":28}},{"start":{"line":76,"column":28},"end":{"line":76,"column":45}}],"line":76},"6":{"loc":{"start":{"line":85,"column":4},"end":{"line":85,"column":null}},"type":"if","locations":[{"start":{"line":85,"column":4},"end":{"line":85,"column":null}},{"start":{},"end":{}}],"line":85},"7":{"loc":{"start":{"line":92,"column":4},"end":{"line":96,"column":null}},"type":"if","locations":[{"start":{"line":92,"column":4},"end":{"line":96,"column":null}},{"start":{},"end":{}}],"line":92},"8":{"loc":{"start":{"line":92,"column":8},"end":{"line":92,"column":49}},"type":"binary-expr","locations":[{"start":{"line":92,"column":8},"end":{"line":92,"column":28}},{"start":{"line":92,"column":28},"end":{"line":92,"column":49}}],"line":92},"9":{"loc":{"start":{"line":173,"column":8},"end":{"line":173,"column":null}},"type":"if","locations":[{"start":{"line":173,"column":8},"end":{"line":173,"column":null}},{"start":{},"end":{}}],"line":173},"10":{"loc":{"start":{"line":211,"column":8},"end":{"line":217,"column":null}},"type":"if","locations":[{"start":{"line":211,"column":8},"end":{"line":217,"column":null}},{"start":{"line":215,"column":15},"end":{"line":217,"column":null}}],"line":211},"11":{"loc":{"start":{"line":241,"column":8},"end":{"line":241,"column":null}},"type":"if","locations":[{"start":{"line":241,"column":8},"end":{"line":241,"column":null}},{"start":{},"end":{}}],"line":241},"12":{"loc":{"start":{"line":247,"column":26},"end":{"line":248,"column":null}},"type":"binary-expr","locations":[{"start":{"line":247,"column":26},"end":{"line":247,"column":null}},{"start":{"line":248,"column":26},"end":{"line":248,"column":null}}],"line":247},"13":{"loc":{"start":{"line":251,"column":17},"end":{"line":251,"column":null}},"type":"cond-expr","locations":[{"start":{"line":251,"column":30},"end":{"line":251,"column":46}},{"start":{"line":251,"column":46},"end":{"line":251,"column":null}}],"line":251},"14":{"loc":{"start":{"line":252,"column":23},"end":{"line":252,"column":null}},"type":"cond-expr","locations":[{"start":{"line":252,"column":35},"end":{"line":252,"column":50}},{"start":{"line":252,"column":50},"end":{"line":252,"column":null}}],"line":252},"15":{"loc":{"start":{"line":290,"column":2},"end":{"line":294,"column":null}},"type":"if","locations":[{"start":{"line":290,"column":2},"end":{"line":294,"column":null}},{"start":{"line":292,"column":9},"end":{"line":294,"column":null}}],"line":290},"16":{"loc":{"start":{"line":304,"column":2},"end":{"line":306,"column":null}},"type":"if","locations":[{"start":{"line":304,"column":2},"end":{"line":306,"column":null}},{"start":{},"end":{}}],"line":304},"17":{"loc":{"start":{"line":310,"column":2},"end":{"line":312,"column":null}},"type":"if","locations":[{"start":{"line":310,"column":2},"end":{"line":312,"column":null}},{"start":{},"end":{}}],"line":310}},"s":{"0":0,"1":0,"2":0,"3":0,"4":0,"5":0,"6":0,"7":0,"8":0,"9":0,"10":0,"11":0,"12":0,"13":0,"14":0,"15":0,"16":0,"17":0,"18":0,"19":0,"20":0,"21":0,"22":0,"23":0,"24":0,"25":0,"26":0,"27":0,"28":0,"29":0,"30":0,"31":0,"32":0,"33":0,"34":0,"35":0,"36":0,"37":0,"38":0,"39":0,"40":0,"41":0,"42":0,"43":0,"44":0,"45":0,"46":0,"47":0,"48":0,"49":0,"50":0,"51":0,"52":0,"53":0,"54":0,"55":0,"56":0,"57":0,"58":0,"59":0,"60":0,"61":0,"62":0,"63":0,"64":0,"65":0,"66":0,"67":0,"68":0,"69":0,"70":0,"71":0,"72":0,"73":0,"74":0,"75":0,"76":0,"77":0,"78":0,"79":0,"80":0,"81":0,"82":0,"83":0,"84":0,"85":0,"86":0,"87":0,"88":0,"89":0,"90":0,"91":0,"92":0,"93":0,"94":0,"95":0,"96":0,"97":0,"98":0,"99":0,"100":0,"101":0,"102":0,"103":0,"104":0,"105":0,"106":0,"107":0,"108":0,"109":0,"110":0,"111":0,"112":0,"113":0,"114":0,"115":0,"116":0,"117":0,"118":0,"119":0,"120":0,"121":0,"122":0,"123":0,"124":0,"125":0,"126":0,"127":0,"128":0,"129":0,"130":0,"131":0,"132":0,"133":0,"134":0,"135":0,"136":0,"137":0,"138":0,"139":0,"140":0,"141":0,"142":0,"143":0,"144":0,"145":0,"146":0,"147":0,"148":0,"149":0,"150":0,"151":0,"152":0,"153":0,"154":0,"155":0,"156":0,"157":0,"158":0,"159":0,"160":0,"161":0,"162":0,"163":0,"164":0},"f":{"0":0,"1":0,"2":0,"3":0,"4":0,"5":0,"6":0,"7":0,"8":0,"9":0,"10":0,"11":0,"12":0,"13":0,"14":0,"15":0,"16":0,"17":0,"18":0,"19":0,"20":0,"21":0,"22":0,"23":0,"24":0,"25":0,"26":0,"27":0,"28":0,"29":0,"30":0,"31":0,"32":0,"33":0,"34":0,"35":0,"36":0,"37":0,"38":0,"39":0,"40":0,"41":0,"42":0,"43":0,"44":0},"b":{"0":[0,0],"1":[0,0],"2":[0,0],"3":[0,0],"4":[0,0],"5":[0,0],"6":[0,0],"7":[0,0],"8":[0,0],"9":[0,0],"10":[0,0],"11":[0,0],"12":[0,0],"13":[0,0],"14":[0,0],"15":[0,0],"16":[0,0],"17":[0,0]},"meta":{"lastBranch":18,"lastFunction":45,"lastStatement":165,"seen":{"s:14:17:14:Infinity":0,"b:14:17:14:37:14:37:14:Infinity":0,"s:15:6:15:Infinity":1,"f:37:15:37:37":0,"s:38:8:38:Infinity":2,"s:39:2:39:Infinity":3,"s:41:14:41:Infinity":4,"s:42:19:42:Infinity":5,"s:43:15:43:Infinity":6,"s:45:19:45:Infinity":7,"s:46:2:51:Infinity":8,"s:47:15:47:Infinity":9,"s:48:4:48:Infinity":10,"s:50:4:50:Infinity":11,"s:53:17:53:Infinity":12,"s:54:38:54:Infinity":13,"s:55:13:55:Infinity":14,"s:56:2:56:Infinity":15,"s:59:2:66:Infinity":16,"f:59:34:59:46":1,"b:60:4:60:Infinity:undefined:undefined:undefined:undefined":1,"s:60:4:60:Infinity":17,"s:60:21:60:Infinity":18,"s:61:19:63:Infinity":19,"b:64:4:64:Infinity:undefined:undefined:undefined:undefined":2,"s:64:4:64:Infinity":20,"s:64:25:64:Infinity":21,"s:65:4:65:Infinity":22,"s:68:2:82:Infinity":23,"f:68:37:68:44":2,"b:69:4:69:Infinity:undefined:undefined:undefined:undefined":3,"s:69:4:69:Infinity":24,"s:69:21:69:Infinity":25,"s:70:19:74:Infinity":26,"b:76:4:80:Infinity:undefined:undefined:undefined:undefined":4,"s:76:4:80:Infinity":27,"b:76:8:76:28:76:28:76:45":5,"s:77:17:77:Infinity":28,"s:78:6:78:Infinity":29,"s:79:6:79:Infinity":30,"s:81:4:81:Infinity":31,"s:84:2:98:Infinity":32,"f:84:37:84:49":3,"b:85:4:85:Infinity:undefined:undefined:undefined:undefined":6,"s:85:4:85:Infinity":33,"s:85:21:85:Infinity":34,"s:86:19:90:Infinity":35,"b:92:4:96:Infinity:undefined:undefined:undefined:undefined":7,"s:92:4:96:Infinity":36,"b:92:8:92:28:92:28:92:49":8,"s:93:17:93:Infinity":37,"s:94:22:94:Infinity":38,"s:95:6:95:Infinity":39,"s:97:4:97:Infinity":40,"s:100:2:104:Infinity":41,"f:100:34:100:35":4,"s:101:4:103:Infinity":42,"f:101:10:101:22":5,"s:102:6:102:Infinity":43,"s:106:2:108:Infinity":44,"f:106:30:106:31":6,"s:107:4:107:Infinity":45,"s:110:2:120:Infinity":46,"f:110:36:110:37":7,"s:111:4:119:Infinity":47,"f:111:10:111:22":8,"s:112:27:112:Infinity":48,"s:113:20:113:Infinity":49,"s:114:28:114:Infinity":50,"f:114:57:114:58":9,"s:114:77:114:83":51,"s:115:22:115:Infinity":52,"f:115:35:115:40":10,"s:115:40:115:66":53,"s:116:6:116:Infinity":54,"s:117:6:117:Infinity":55,"s:118:6:118:Infinity":56,"s:122:2:129:Infinity":57,"f:122:38:122:39":11,"s:123:4:128:Infinity":58,"f:123:10:123:22":12,"s:124:21:124:Infinity":59,"s:125:6:125:Infinity":60,"f:125:49:125:50":13,"s:125:69:125:80":61,"s:126:6:126:Infinity":62,"s:127:6:127:Infinity":63,"s:132:2:134:Infinity":64,"f:132:30:132:31":14,"s:133:4:133:Infinity":65,"s:136:2:142:Infinity":66,"f:136:31:136:32":15,"s:137:4:141:Infinity":67,"f:137:10:137:22":16,"s:138:6:138:Infinity":68,"s:139:6:139:Infinity":69,"s:140:6:140:Infinity":70,"s:144:2:148:Infinity":71,"f:144:40:144:41":17,"s:145:21:145:Infinity":72,"s:146:4:146:Infinity":73,"s:147:4:147:Infinity":74,"s:150:2:154:Infinity":75,"f:150:44:150:45":18,"s:151:21:151:Infinity":76,"s:152:4:152:Infinity":77,"s:153:4:153:Infinity":78,"s:156:2:162:Infinity":79,"f:156:42:156:43":19,"s:157:4:161:Infinity":80,"f:157:10:157:22":20,"s:158:23:158:Infinity":81,"s:159:6:159:Infinity":82,"s:160:6:160:Infinity":83,"s:164:2:167:Infinity":84,"f:164:48:164:49":21,"s:165:4:165:Infinity":85,"s:166:4:166:Infinity":86,"s:169:2:180:Infinity":87,"f:169:39:169:40":22,"s:170:4:179:Infinity":88,"f:170:10:170:22":23,"s:171:6:178:Infinity":89,"s:172:25:172:Infinity":90,"b:173:8:173:Infinity:undefined:undefined:undefined:undefined":9,"s:173:8:173:Infinity":91,"s:173:19:173:Infinity":92,"s:174:22:174:Infinity":93,"s:175:8:175:Infinity":94,"s:177:8:177:Infinity":95,"s:182:2:188:Infinity":96,"f:182:40:182:41":24,"s:183:4:187:Infinity":97,"f:183:10:183:22":25,"s:184:23:184:Infinity":98,"s:185:6:185:Infinity":99,"s:186:6:186:Infinity":100,"s:190:2:196:Infinity":101,"f:190:40:190:41":26,"s:191:4:195:Infinity":102,"f:191:10:191:22":27,"s:192:23:192:Infinity":103,"s:193:6:193:Infinity":104,"s:194:6:194:Infinity":105,"s:198:2:204:Infinity":106,"f:198:40:198:41":28,"s:199:4:203:Infinity":107,"f:199:10:199:22":29,"s:200:6:200:Infinity":108,"s:201:6:201:Infinity":109,"s:202:6:202:Infinity":110,"s:206:2:222:Infinity":111,"f:206:38:206:39":30,"s:207:4:221:Infinity":112,"f:207:10:207:22":31,"s:208:6:220:Infinity":113,"s:209:24:209:Infinity":114,"s:210:20:210:Infinity":115,"f:210:47:210:52":32,"s:210:52:210:71":116,"b:211:8:217:Infinity:215:15:217:Infinity":10,"s:211:8:217:Infinity":117,"s:212:10:212:Infinity":118,"s:213:10:213:Infinity":119,"s:214:10:214:Infinity":120,"s:216:10:216:Infinity":121,"s:219:8:219:Infinity":122,"s:224:2:226:Infinity":123,"f:224:31:224:32":33,"s:225:4:225:Infinity":124,"s:228:2:235:Infinity":125,"f:228:39:228:40":34,"s:229:4:234:Infinity":126,"f:229:10:229:22":35,"s:230:21:230:Infinity":127,"s:231:6:231:Infinity":128,"f:231:51:231:56":36,"s:231:56:231:67":129,"s:232:6:232:Infinity":130,"s:233:6:233:Infinity":131,"s:237:2:258:Infinity":132,"f:237:43:237:44":37,"s:238:4:257:Infinity":133,"f:238:10:238:22":38,"s:239:6:256:Infinity":134,"s:240:24:240:Infinity":135,"b:241:8:241:Infinity:undefined:undefined:undefined:undefined":11,"s:241:8:241:Infinity":136,"s:241:18:241:Infinity":137,"s:243:25:243:Infinity":138,"s:244:21:244:Infinity":139,"s:246:27:246:Infinity":140,"s:247:26:248:Infinity":141,"b:247:26:247:Infinity:248:26:248:Infinity":12,"s:250:8:253:Infinity":142,"b:251:30:251:46:251:46:251:Infinity":13,"b:252:35:252:50:252:50:252:Infinity":14,"s:255:8:255:Infinity":143,"s:260:2:267:Infinity":144,"f:260:32:260:33":39,"s:261:4:266:Infinity":145,"f:261:10:261:22":40,"s:262:23:262:Infinity":146,"s:263:6:263:Infinity":147,"s:264:6:264:Infinity":148,"s:265:6:265:Infinity":149,"s:270:2:270:Infinity":150,"f:273:15:273:30":41,"s:274:2:274:Infinity":151,"s:276:2:288:Infinity":152,"b:290:2:294:Infinity:292:9:294:Infinity":15,"s:290:2:294:Infinity":153,"s:291:4:291:Infinity":154,"s:293:4:293:Infinity":155,"s:296:2:298:Infinity":156,"f:296:26:296:32":42,"s:297:4:297:Infinity":157,"s:301:0:301:Infinity":158,"s:303:0:307:Infinity":159,"f:303:28:303:34":43,"b:304:2:306:Infinity:undefined:undefined:undefined:undefined":16,"s:304:2:306:Infinity":160,"s:305:4:305:Infinity":161,"s:309:0:313:Infinity":162,"f:309:19:309:25":44,"b:310:2:312:Infinity:undefined:undefined:undefined:undefined":17,"s:310:2:312:Infinity":163,"s:311:4:311:Infinity":164}}}
,"C:\\exaltweb\\code\\lab\\dev-dashboard\\src-electron\\electron-preload.ts": {"path":"C:\\exaltweb\\code\\lab\\dev-dashboard\\src-electron\\electron-preload.ts","statementMap":{"0":{"start":{"line":3,"column":0},"end":{"line":7,"column":null}},"1":{"start":{"line":4,"column":22},"end":{"line":4,"column":null}},"2":{"start":{"line":5,"column":37},"end":{"line":5,"column":null}},"3":{"start":{"line":6,"column":25},"end":{"line":6,"column":null}}},"fnMap":{"0":{"name":"(anonymous_0)","decl":{"start":{"line":4,"column":16},"end":{"line":4,"column":22}},"loc":{"start":{"line":4,"column":22},"end":{"line":4,"column":null}},"line":4},"1":{"name":"(anonymous_1)","decl":{"start":{"line":5,"column":19},"end":{"line":5,"column":20}},"loc":{"start":{"line":5,"column":37},"end":{"line":5,"column":null}},"line":5},"2":{"name":"(anonymous_2)","decl":{"start":{"line":6,"column":19},"end":{"line":6,"column":25}},"loc":{"start":{"line":6,"column":25},"end":{"line":6,"column":null}},"line":6}},"branchMap":{},"s":{"0":0,"1":0,"2":0,"3":0},"f":{"0":0,"1":0,"2":0},"b":{},"meta":{"lastBranch":0,"lastFunction":3,"lastStatement":4,"seen":{"s:3:0:7:Infinity":0,"f:4:16:4:22":0,"s:4:22:4:Infinity":1,"f:5:19:5:20":1,"s:5:37:5:Infinity":2,"f:6:19:6:25":2,"s:6:25:6:Infinity":3}}}
,"C:\\exaltweb\\code\\lab\\dev-dashboard\\src-ssr\\server.ts": {"path":"C:\\exaltweb\\code\\lab\\dev-dashboard\\src-ssr\\server.ts","statementMap":{"0":{"start":{"line":39,"column":13},"end":{"line":53,"column":null}},"1":{"start":{"line":40,"column":8},"end":{"line":40,"column":null}},"2":{"start":{"line":44,"column":2},"end":{"line":44,"column":null}},"3":{"start":{"line":48,"column":2},"end":{"line":50,"column":null}},"4":{"start":{"line":49,"column":4},"end":{"line":49,"column":null}},"5":{"start":{"line":52,"column":2},"end":{"line":52,"column":null}},"6":{"start":{"line":62,"column":13},"end":{"line":66,"column":null}},"7":{"start":{"line":63,"column":2},"end":{"line":65,"column":null}},"8":{"start":{"line":64,"column":4},"end":{"line":64,"column":null}},"9":{"start":{"line":81,"column":13},"end":{"line":88,"column":null}},"10":{"start":{"line":82,"column":17},"end":{"line":82,"column":null}},"11":{"start":{"line":83,"column":2},"end":{"line":87,"column":null}},"12":{"start":{"line":84,"column":4},"end":{"line":86,"column":null}},"13":{"start":{"line":85,"column":6},"end":{"line":85,"column":null}},"14":{"start":{"line":100,"column":13},"end":{"line":102,"column":null}},"15":{"start":{"line":101,"column":2},"end":{"line":101,"column":null}},"16":{"start":{"line":104,"column":15},"end":{"line":104,"column":null}},"17":{"start":{"line":115,"column":13},"end":{"line":120,"column":null}},"18":{"start":{"line":116,"column":2},"end":{"line":119,"column":null}},"19":{"start":{"line":117,"column":20},"end":{"line":117,"column":null}},"20":{"start":{"line":118,"column":4},"end":{"line":118,"column":null}},"21":{"start":{"line":122,"column":13},"end":{"line":122,"column":null}},"22":{"start":{"line":123,"column":14},"end":{"line":123,"column":null}},"23":{"start":{"line":124,"column":15},"end":{"line":124,"column":null}},"24":{"start":{"line":125,"column":16},"end":{"line":125,"column":null}},"25":{"start":{"line":126,"column":14},"end":{"line":126,"column":null}},"26":{"start":{"line":127,"column":14},"end":{"line":127,"column":null}},"27":{"start":{"line":128,"column":14},"end":{"line":128,"column":null}},"28":{"start":{"line":134,"column":13},"end":{"line":164,"column":null}},"29":{"start":{"line":135,"column":2},"end":{"line":137,"column":null}},"30":{"start":{"line":136,"column":4},"end":{"line":136,"column":null}},"31":{"start":{"line":139,"column":2},"end":{"line":141,"column":null}},"32":{"start":{"line":140,"column":4},"end":{"line":140,"column":null}},"33":{"start":{"line":143,"column":2},"end":{"line":145,"column":null}},"34":{"start":{"line":144,"column":4},"end":{"line":144,"column":null}},"35":{"start":{"line":147,"column":2},"end":{"line":149,"column":null}},"36":{"start":{"line":148,"column":4},"end":{"line":148,"column":null}},"37":{"start":{"line":151,"column":2},"end":{"line":153,"column":null}},"38":{"start":{"line":152,"column":4},"end":{"line":152,"column":null}},"39":{"start":{"line":155,"column":2},"end":{"line":157,"column":null}},"40":{"start":{"line":156,"column":4},"end":{"line":156,"column":null}},"41":{"start":{"line":159,"column":2},"end":{"line":161,"column":null}},"42":{"start":{"line":160,"column":4},"end":{"line":160,"column":null}},"43":{"start":{"line":163,"column":2},"end":{"line":163,"column":null}}},"fnMap":{"0":{"name":"(anonymous_0)","decl":{"start":{"line":39,"column":38},"end":{"line":39,"column":57}},"loc":{"start":{"line":39,"column":57},"end":{"line":53,"column":1}},"line":39},"1":{"name":"(anonymous_1)","decl":{"start":{"line":62,"column":64},"end":{"line":62,"column":65}},"loc":{"start":{"line":62,"column":77},"end":{"line":66,"column":1}},"line":62},"2":{"name":"(anonymous_2)","decl":{"start":{"line":63,"column":9},"end":{"line":63,"column":10}},"loc":{"start":{"line":63,"column":25},"end":{"line":65,"column":null}},"line":63},"3":{"name":"(anonymous_3)","decl":{"start":{"line":81,"column":38},"end":{"line":81,"column":39}},"loc":{"start":{"line":81,"column":70},"end":{"line":88,"column":1}},"line":81},"4":{"name":"(anonymous_4)","decl":{"start":{"line":83,"column":29},"end":{"line":83,"column":35}},"loc":{"start":{"line":83,"column":35},"end":{"line":87,"column":3}},"line":83},"5":{"name":"(anonymous_5)","decl":{"start":{"line":100,"column":36},"end":{"line":100,"column":37}},"loc":{"start":{"line":100,"column":58},"end":{"line":102,"column":1}},"line":100},"6":{"name":"(anonymous_6)","decl":{"start":{"line":115,"column":62},"end":{"line":115,"column":63}},"loc":{"start":{"line":115,"column":84},"end":{"line":120,"column":1}},"line":115},"7":{"name":"(anonymous_7)","decl":{"start":{"line":116,"column":9},"end":{"line":116,"column":10}},"loc":{"start":{"line":116,"column":62},"end":{"line":119,"column":null}},"line":116},"8":{"name":"(anonymous_8)","decl":{"start":{"line":134,"column":58},"end":{"line":134,"column":59}},"loc":{"start":{"line":134,"column":90},"end":{"line":164,"column":1}},"line":134}},"branchMap":{"0":{"loc":{"start":{"line":48,"column":2},"end":{"line":50,"column":null}},"type":"if","locations":[{"start":{"line":48,"column":2},"end":{"line":50,"column":null}},{"start":{},"end":{}}],"line":48},"1":{"loc":{"start":{"line":82,"column":17},"end":{"line":82,"column":null}},"type":"binary-expr","locations":[{"start":{"line":82,"column":17},"end":{"line":82,"column":32}},{"start":{"line":82,"column":32},"end":{"line":82,"column":null}}],"line":82},"2":{"loc":{"start":{"line":84,"column":4},"end":{"line":86,"column":null}},"type":"if","locations":[{"start":{"line":84,"column":4},"end":{"line":86,"column":null}},{"start":{},"end":{}}],"line":84},"3":{"loc":{"start":{"line":104,"column":15},"end":{"line":104,"column":null}},"type":"cond-expr","locations":[{"start":{"line":104,"column":33},"end":{"line":104,"column":37}},{"start":{"line":104,"column":37},"end":{"line":104,"column":null}}],"line":104},"4":{"loc":{"start":{"line":116,"column":12},"end":{"line":116,"column":27}},"type":"default-arg","locations":[{"start":{"line":116,"column":22},"end":{"line":116,"column":27}}],"line":116},"5":{"loc":{"start":{"line":116,"column":27},"end":{"line":116,"column":46}},"type":"default-arg","locations":[{"start":{"line":116,"column":41},"end":{"line":116,"column":46}}],"line":116},"6":{"loc":{"start":{"line":116,"column":46},"end":{"line":116,"column":56}},"type":"default-arg","locations":[{"start":{"line":116,"column":53},"end":{"line":116,"column":56}}],"line":116},"7":{"loc":{"start":{"line":135,"column":2},"end":{"line":137,"column":null}},"type":"if","locations":[{"start":{"line":135,"column":2},"end":{"line":137,"column":null}},{"start":{},"end":{}}],"line":135},"8":{"loc":{"start":{"line":139,"column":2},"end":{"line":141,"column":null}},"type":"if","locations":[{"start":{"line":139,"column":2},"end":{"line":141,"column":null}},{"start":{},"end":{}}],"line":139},"9":{"loc":{"start":{"line":143,"column":2},"end":{"line":145,"column":null}},"type":"if","locations":[{"start":{"line":143,"column":2},"end":{"line":145,"column":null}},{"start":{},"end":{}}],"line":143},"10":{"loc":{"start":{"line":147,"column":2},"end":{"line":149,"column":null}},"type":"if","locations":[{"start":{"line":147,"column":2},"end":{"line":149,"column":null}},{"start":{},"end":{}}],"line":147},"11":{"loc":{"start":{"line":151,"column":2},"end":{"line":153,"column":null}},"type":"if","locations":[{"start":{"line":151,"column":2},"end":{"line":153,"column":null}},{"start":{},"end":{}}],"line":151},"12":{"loc":{"start":{"line":155,"column":2},"end":{"line":157,"column":null}},"type":"if","locations":[{"start":{"line":155,"column":2},"end":{"line":157,"column":null}},{"start":{},"end":{}}],"line":155},"13":{"loc":{"start":{"line":159,"column":2},"end":{"line":161,"column":null}},"type":"if","locations":[{"start":{"line":159,"column":2},"end":{"line":161,"column":null}},{"start":{},"end":{}}],"line":159}},"s":{"0":0,"1":0,"2":0,"3":0,"4":0,"5":0,"6":0,"7":0,"8":0,"9":0,"10":0,"11":0,"12":0,"13":0,"14":0,"15":0,"16":0,"17":0,"18":0,"19":0,"20":0,"21":0,"22":0,"23":0,"24":0,"25":0,"26":0,"27":0,"28":0,"29":0,"30":0,"31":0,"32":0,"33":0,"34":0,"35":0,"36":0,"37":0,"38":0,"39":0,"40":0,"41":0,"42":0,"43":0},"f":{"0":0,"1":0,"2":0,"3":0,"4":0,"5":0,"6":0,"7":0,"8":0},"b":{"0":[0,0],"1":[0,0],"2":[0,0],"3":[0,0],"4":[0],"5":[0],"6":[0],"7":[0,0],"8":[0,0],"9":[0,0],"10":[0,0],"11":[0,0],"12":[0,0],"13":[0,0]},"meta":{"lastBranch":14,"lastFunction":9,"lastStatement":44,"seen":{"s:39:13:53:Infinity":0,"f:39:38:39:57":0,"s:40:8:40:Infinity":1,"s:44:2:44:Infinity":2,"b:48:2:50:Infinity:undefined:undefined:undefined:undefined":0,"s:48:2:50:Infinity":3,"s:49:4:49:Infinity":4,"s:52:2:52:Infinity":5,"s:62:13:66:Infinity":6,"f:62:64:62:65":1,"s:63:2:65:Infinity":7,"f:63:9:63:10":2,"s:64:4:64:Infinity":8,"s:81:13:88:Infinity":9,"f:81:38:81:39":3,"s:82:17:82:Infinity":10,"b:82:17:82:32:82:32:82:Infinity":1,"s:83:2:87:Infinity":11,"f:83:29:83:35":4,"b:84:4:86:Infinity:undefined:undefined:undefined:undefined":2,"s:84:4:86:Infinity":12,"s:85:6:85:Infinity":13,"s:100:13:102:Infinity":14,"f:100:36:100:37":5,"s:101:2:101:Infinity":15,"s:104:15:104:Infinity":16,"b:104:33:104:37:104:37:104:Infinity":3,"s:115:13:120:Infinity":17,"f:115:62:115:63":6,"s:116:2:119:Infinity":18,"f:116:9:116:10":7,"b:116:22:116:27":4,"b:116:41:116:46":5,"b:116:53:116:56":6,"s:117:20:117:Infinity":19,"s:118:4:118:Infinity":20,"s:122:13:122:Infinity":21,"s:123:14:123:Infinity":22,"s:124:15:124:Infinity":23,"s:125:16:125:Infinity":24,"s:126:14:126:Infinity":25,"s:127:14:127:Infinity":26,"s:128:14:128:Infinity":27,"s:134:13:164:Infinity":28,"f:134:58:134:59":8,"b:135:2:137:Infinity:undefined:undefined:undefined:undefined":7,"s:135:2:137:Infinity":29,"s:136:4:136:Infinity":30,"b:139:2:141:Infinity:undefined:undefined:undefined:undefined":8,"s:139:2:141:Infinity":31,"s:140:4:140:Infinity":32,"b:143:2:145:Infinity:undefined:undefined:undefined:undefined":9,"s:143:2:145:Infinity":33,"s:144:4:144:Infinity":34,"b:147:2:149:Infinity:undefined:undefined:undefined:undefined":10,"s:147:2:149:Infinity":35,"s:148:4:148:Infinity":36,"b:151:2:153:Infinity:undefined:undefined:undefined:undefined":11,"s:151:2:153:Infinity":37,"s:152:4:152:Infinity":38,"b:155:2:157:Infinity:undefined:undefined:undefined:undefined":12,"s:155:2:157:Infinity":39,"s:156:4:156:Infinity":40,"b:159:2:161:Infinity:undefined:undefined:undefined:undefined":13,"s:159:2:161:Infinity":41,"s:160:4:160:Infinity":42,"s:163:2:163:Infinity":43}}}
,"C:\\exaltweb\\code\\lab\\dev-dashboard\\src-ssr\\middlewares\\api.ts": {"path":"C:\\exaltweb\\code\\lab\\dev-dashboard\\src-ssr\\middlewares\\api.ts","statementMap":{"0":{"start":{"line":36,"column":2},"end":{"line":36,"column":null}},"1":{"start":{"line":37,"column":2},"end":{"line":37,"column":null}},"2":{"start":{"line":39,"column":14},"end":{"line":39,"column":null}},"3":{"start":{"line":40,"column":19},"end":{"line":40,"column":null}},"4":{"start":{"line":41,"column":15},"end":{"line":41,"column":null}},"5":{"start":{"line":44,"column":19},"end":{"line":44,"column":null}},"6":{"start":{"line":45,"column":2},"end":{"line":50,"column":null}},"7":{"start":{"line":46,"column":15},"end":{"line":46,"column":null}},"8":{"start":{"line":47,"column":4},"end":{"line":47,"column":null}},"9":{"start":{"line":49,"column":4},"end":{"line":49,"column":null}},"10":{"start":{"line":52,"column":17},"end":{"line":52,"column":null}},"11":{"start":{"line":53,"column":38},"end":{"line":63,"column":null}},"12":{"start":{"line":64,"column":13},"end":{"line":64,"column":null}},"13":{"start":{"line":65,"column":2},"end":{"line":65,"column":null}},"14":{"start":{"line":70,"column":2},"end":{"line":80,"column":null}},"15":{"start":{"line":71,"column":4},"end":{"line":79,"column":null}},"16":{"start":{"line":72,"column":6},"end":{"line":78,"column":null}},"17":{"start":{"line":73,"column":22},"end":{"line":73,"column":null}},"18":{"start":{"line":74,"column":8},"end":{"line":74,"column":null}},"19":{"start":{"line":76,"column":8},"end":{"line":76,"column":null}},"20":{"start":{"line":77,"column":8},"end":{"line":77,"column":null}},"21":{"start":{"line":83,"column":2},"end":{"line":85,"column":null}},"22":{"start":{"line":84,"column":4},"end":{"line":84,"column":null}},"23":{"start":{"line":87,"column":2},"end":{"line":104,"column":null}},"24":{"start":{"line":88,"column":4},"end":{"line":103,"column":null}},"25":{"start":{"line":89,"column":6},"end":{"line":102,"column":null}},"26":{"start":{"line":90,"column":29},"end":{"line":90,"column":null}},"27":{"start":{"line":91,"column":8},"end":{"line":91,"column":null}},"28":{"start":{"line":91,"column":23},"end":{"line":91,"column":null}},"29":{"start":{"line":93,"column":22},"end":{"line":93,"column":null}},"30":{"start":{"line":94,"column":30},"end":{"line":94,"column":null}},"31":{"start":{"line":94,"column":64},"end":{"line":94,"column":70}},"32":{"start":{"line":95,"column":24},"end":{"line":95,"column":null}},"33":{"start":{"line":95,"column":42},"end":{"line":95,"column":68}},"34":{"start":{"line":97,"column":8},"end":{"line":97,"column":null}},"35":{"start":{"line":98,"column":8},"end":{"line":98,"column":null}},"36":{"start":{"line":99,"column":8},"end":{"line":99,"column":null}},"37":{"start":{"line":101,"column":8},"end":{"line":101,"column":null}},"38":{"start":{"line":106,"column":2},"end":{"line":117,"column":null}},"39":{"start":{"line":107,"column":4},"end":{"line":116,"column":null}},"40":{"start":{"line":108,"column":6},"end":{"line":115,"column":null}},"41":{"start":{"line":109,"column":25},"end":{"line":109,"column":null}},"42":{"start":{"line":110,"column":8},"end":{"line":110,"column":null}},"43":{"start":{"line":111,"column":8},"end":{"line":111,"column":null}},"44":{"start":{"line":112,"column":8},"end":{"line":112,"column":null}},"45":{"start":{"line":114,"column":8},"end":{"line":114,"column":null}},"46":{"start":{"line":119,"column":2},"end":{"line":135,"column":null}},"47":{"start":{"line":120,"column":4},"end":{"line":134,"column":null}},"48":{"start":{"line":121,"column":6},"end":{"line":133,"column":null}},"49":{"start":{"line":122,"column":24},"end":{"line":122,"column":null}},"50":{"start":{"line":123,"column":20},"end":{"line":123,"column":null}},"51":{"start":{"line":123,"column":52},"end":{"line":123,"column":71}},"52":{"start":{"line":124,"column":8},"end":{"line":130,"column":null}},"53":{"start":{"line":125,"column":10},"end":{"line":125,"column":null}},"54":{"start":{"line":126,"column":10},"end":{"line":126,"column":null}},"55":{"start":{"line":127,"column":10},"end":{"line":127,"column":null}},"56":{"start":{"line":129,"column":10},"end":{"line":129,"column":null}},"57":{"start":{"line":132,"column":8},"end":{"line":132,"column":null}},"58":{"start":{"line":137,"column":2},"end":{"line":144,"column":null}},"59":{"start":{"line":138,"column":4},"end":{"line":143,"column":null}},"60":{"start":{"line":139,"column":21},"end":{"line":139,"column":null}},"61":{"start":{"line":140,"column":6},"end":{"line":140,"column":null}},"62":{"start":{"line":140,"column":54},"end":{"line":140,"column":65}},"63":{"start":{"line":141,"column":6},"end":{"line":141,"column":null}},"64":{"start":{"line":142,"column":6},"end":{"line":142,"column":null}},"65":{"start":{"line":147,"column":2},"end":{"line":149,"column":null}},"66":{"start":{"line":148,"column":4},"end":{"line":148,"column":null}},"67":{"start":{"line":151,"column":2},"end":{"line":161,"column":null}},"68":{"start":{"line":152,"column":4},"end":{"line":160,"column":null}},"69":{"start":{"line":153,"column":6},"end":{"line":159,"column":null}},"70":{"start":{"line":154,"column":8},"end":{"line":154,"column":null}},"71":{"start":{"line":155,"column":8},"end":{"line":155,"column":null}},"72":{"start":{"line":156,"column":8},"end":{"line":156,"column":null}},"73":{"start":{"line":158,"column":8},"end":{"line":158,"column":null}},"74":{"start":{"line":164,"column":2},"end":{"line":168,"column":null}},"75":{"start":{"line":165,"column":21},"end":{"line":165,"column":null}},"76":{"start":{"line":166,"column":4},"end":{"line":166,"column":null}},"77":{"start":{"line":167,"column":4},"end":{"line":167,"column":null}},"78":{"start":{"line":170,"column":2},"end":{"line":174,"column":null}},"79":{"start":{"line":171,"column":21},"end":{"line":171,"column":null}},"80":{"start":{"line":172,"column":4},"end":{"line":172,"column":null}},"81":{"start":{"line":173,"column":4},"end":{"line":173,"column":null}},"82":{"start":{"line":176,"column":2},"end":{"line":182,"column":null}},"83":{"start":{"line":177,"column":4},"end":{"line":181,"column":null}},"84":{"start":{"line":178,"column":23},"end":{"line":178,"column":null}},"85":{"start":{"line":179,"column":6},"end":{"line":179,"column":null}},"86":{"start":{"line":180,"column":6},"end":{"line":180,"column":null}},"87":{"start":{"line":184,"column":2},"end":{"line":187,"column":null}},"88":{"start":{"line":185,"column":4},"end":{"line":185,"column":null}},"89":{"start":{"line":186,"column":4},"end":{"line":186,"column":null}},"90":{"start":{"line":189,"column":2},"end":{"line":200,"column":null}},"91":{"start":{"line":190,"column":4},"end":{"line":199,"column":null}},"92":{"start":{"line":191,"column":6},"end":{"line":198,"column":null}},"93":{"start":{"line":192,"column":25},"end":{"line":192,"column":null}},"94":{"start":{"line":193,"column":8},"end":{"line":193,"column":null}},"95":{"start":{"line":193,"column":19},"end":{"line":193,"column":null}},"96":{"start":{"line":194,"column":22},"end":{"line":194,"column":null}},"97":{"start":{"line":195,"column":8},"end":{"line":195,"column":null}},"98":{"start":{"line":197,"column":8},"end":{"line":197,"column":null}},"99":{"start":{"line":202,"column":2},"end":{"line":212,"column":null}},"100":{"start":{"line":203,"column":4},"end":{"line":211,"column":null}},"101":{"start":{"line":204,"column":6},"end":{"line":210,"column":null}},"102":{"start":{"line":205,"column":25},"end":{"line":205,"column":null}},"103":{"start":{"line":206,"column":8},"end":{"line":206,"column":null}},"104":{"start":{"line":207,"column":8},"end":{"line":207,"column":null}},"105":{"start":{"line":209,"column":8},"end":{"line":209,"column":null}},"106":{"start":{"line":214,"column":2},"end":{"line":224,"column":null}},"107":{"start":{"line":215,"column":4},"end":{"line":223,"column":null}},"108":{"start":{"line":216,"column":6},"end":{"line":222,"column":null}},"109":{"start":{"line":217,"column":25},"end":{"line":217,"column":null}},"110":{"start":{"line":218,"column":8},"end":{"line":218,"column":null}},"111":{"start":{"line":219,"column":8},"end":{"line":219,"column":null}},"112":{"start":{"line":221,"column":8},"end":{"line":221,"column":null}},"113":{"start":{"line":227,"column":2},"end":{"line":229,"column":null}},"114":{"start":{"line":228,"column":4},"end":{"line":228,"column":null}},"115":{"start":{"line":231,"column":2},"end":{"line":246,"column":null}},"116":{"start":{"line":232,"column":4},"end":{"line":245,"column":null}},"117":{"start":{"line":233,"column":6},"end":{"line":244,"column":null}},"118":{"start":{"line":234,"column":25},"end":{"line":234,"column":null}},"119":{"start":{"line":236,"column":20},"end":{"line":236,"column":null}},"120":{"start":{"line":236,"column":53},"end":{"line":236,"column":73}},"121":{"start":{"line":237,"column":8},"end":{"line":238,"column":null}},"122":{"start":{"line":237,"column":22},"end":{"line":237,"column":null}},"123":{"start":{"line":238,"column":13},"end":{"line":238,"column":null}},"124":{"start":{"line":240,"column":8},"end":{"line":240,"column":null}},"125":{"start":{"line":241,"column":8},"end":{"line":241,"column":null}},"126":{"start":{"line":243,"column":8},"end":{"line":243,"column":null}},"127":{"start":{"line":248,"column":2},"end":{"line":255,"column":null}},"128":{"start":{"line":249,"column":4},"end":{"line":254,"column":null}},"129":{"start":{"line":250,"column":21},"end":{"line":250,"column":null}},"130":{"start":{"line":251,"column":6},"end":{"line":251,"column":null}},"131":{"start":{"line":251,"column":56},"end":{"line":251,"column":67}},"132":{"start":{"line":252,"column":6},"end":{"line":252,"column":null}},"133":{"start":{"line":253,"column":6},"end":{"line":253,"column":null}},"134":{"start":{"line":258,"column":2},"end":{"line":279,"column":null}},"135":{"start":{"line":259,"column":4},"end":{"line":278,"column":null}},"136":{"start":{"line":260,"column":6},"end":{"line":277,"column":null}},"137":{"start":{"line":261,"column":24},"end":{"line":261,"column":null}},"138":{"start":{"line":262,"column":8},"end":{"line":262,"column":null}},"139":{"start":{"line":262,"column":18},"end":{"line":262,"column":null}},"140":{"start":{"line":264,"column":25},"end":{"line":264,"column":null}},"141":{"start":{"line":265,"column":21},"end":{"line":265,"column":null}},"142":{"start":{"line":267,"column":27},"end":{"line":267,"column":null}},"143":{"start":{"line":268,"column":26},"end":{"line":269,"column":null}},"144":{"start":{"line":271,"column":8},"end":{"line":274,"column":null}},"145":{"start":{"line":276,"column":8},"end":{"line":276,"column":null}}},"fnMap":{"0":{"name":"(anonymous_0)","decl":{"start":{"line":34,"column":35},"end":{"line":34,"column":42}},"loc":{"start":{"line":34,"column":63},"end":{"line":280,"column":1}},"line":34},"1":{"name":"(anonymous_1)","decl":{"start":{"line":70,"column":31},"end":{"line":70,"column":32}},"loc":{"start":{"line":70,"column":45},"end":{"line":80,"column":3}},"line":70},"2":{"name":"(anonymous_2)","decl":{"start":{"line":71,"column":10},"end":{"line":71,"column":22}},"loc":{"start":{"line":71,"column":22},"end":{"line":79,"column":7}},"line":71},"3":{"name":"(anonymous_3)","decl":{"start":{"line":83,"column":27},"end":{"line":83,"column":28}},"loc":{"start":{"line":83,"column":41},"end":{"line":85,"column":3}},"line":83},"4":{"name":"(anonymous_4)","decl":{"start":{"line":87,"column":33},"end":{"line":87,"column":34}},"loc":{"start":{"line":87,"column":47},"end":{"line":104,"column":3}},"line":87},"5":{"name":"(anonymous_5)","decl":{"start":{"line":88,"column":10},"end":{"line":88,"column":22}},"loc":{"start":{"line":88,"column":22},"end":{"line":103,"column":7}},"line":88},"6":{"name":"(anonymous_6)","decl":{"start":{"line":94,"column":59},"end":{"line":94,"column":64}},"loc":{"start":{"line":94,"column":64},"end":{"line":94,"column":70}},"line":94},"7":{"name":"(anonymous_7)","decl":{"start":{"line":95,"column":37},"end":{"line":95,"column":42}},"loc":{"start":{"line":95,"column":42},"end":{"line":95,"column":68}},"line":95},"8":{"name":"(anonymous_8)","decl":{"start":{"line":106,"column":37},"end":{"line":106,"column":38}},"loc":{"start":{"line":106,"column":51},"end":{"line":117,"column":3}},"line":106},"9":{"name":"(anonymous_9)","decl":{"start":{"line":107,"column":10},"end":{"line":107,"column":22}},"loc":{"start":{"line":107,"column":22},"end":{"line":116,"column":7}},"line":107},"10":{"name":"(anonymous_10)","decl":{"start":{"line":119,"column":35},"end":{"line":119,"column":36}},"loc":{"start":{"line":119,"column":49},"end":{"line":135,"column":3}},"line":119},"11":{"name":"(anonymous_11)","decl":{"start":{"line":120,"column":10},"end":{"line":120,"column":22}},"loc":{"start":{"line":120,"column":22},"end":{"line":134,"column":7}},"line":120},"12":{"name":"(anonymous_12)","decl":{"start":{"line":123,"column":47},"end":{"line":123,"column":52}},"loc":{"start":{"line":123,"column":52},"end":{"line":123,"column":71}},"line":123},"13":{"name":"(anonymous_13)","decl":{"start":{"line":137,"column":35},"end":{"line":137,"column":36}},"loc":{"start":{"line":137,"column":49},"end":{"line":144,"column":3}},"line":137},"14":{"name":"(anonymous_14)","decl":{"start":{"line":138,"column":10},"end":{"line":138,"column":22}},"loc":{"start":{"line":138,"column":22},"end":{"line":143,"column":7}},"line":138},"15":{"name":"(anonymous_15)","decl":{"start":{"line":140,"column":49},"end":{"line":140,"column":54}},"loc":{"start":{"line":140,"column":54},"end":{"line":140,"column":65}},"line":140},"16":{"name":"(anonymous_16)","decl":{"start":{"line":147,"column":27},"end":{"line":147,"column":28}},"loc":{"start":{"line":147,"column":41},"end":{"line":149,"column":3}},"line":147},"17":{"name":"(anonymous_17)","decl":{"start":{"line":151,"column":28},"end":{"line":151,"column":29}},"loc":{"start":{"line":151,"column":42},"end":{"line":161,"column":3}},"line":151},"18":{"name":"(anonymous_18)","decl":{"start":{"line":152,"column":10},"end":{"line":152,"column":22}},"loc":{"start":{"line":152,"column":22},"end":{"line":160,"column":7}},"line":152},"19":{"name":"(anonymous_19)","decl":{"start":{"line":164,"column":37},"end":{"line":164,"column":38}},"loc":{"start":{"line":164,"column":51},"end":{"line":168,"column":3}},"line":164},"20":{"name":"(anonymous_20)","decl":{"start":{"line":170,"column":41},"end":{"line":170,"column":42}},"loc":{"start":{"line":170,"column":55},"end":{"line":174,"column":3}},"line":170},"21":{"name":"(anonymous_21)","decl":{"start":{"line":176,"column":39},"end":{"line":176,"column":40}},"loc":{"start":{"line":176,"column":53},"end":{"line":182,"column":3}},"line":176},"22":{"name":"(anonymous_22)","decl":{"start":{"line":177,"column":10},"end":{"line":177,"column":22}},"loc":{"start":{"line":177,"column":22},"end":{"line":181,"column":7}},"line":177},"23":{"name":"(anonymous_23)","decl":{"start":{"line":184,"column":45},"end":{"line":184,"column":46}},"loc":{"start":{"line":184,"column":59},"end":{"line":187,"column":3}},"line":184},"24":{"name":"(anonymous_24)","decl":{"start":{"line":189,"column":36},"end":{"line":189,"column":37}},"loc":{"start":{"line":189,"column":50},"end":{"line":200,"column":3}},"line":189},"25":{"name":"(anonymous_25)","decl":{"start":{"line":190,"column":10},"end":{"line":190,"column":22}},"loc":{"start":{"line":190,"column":22},"end":{"line":199,"column":7}},"line":190},"26":{"name":"(anonymous_26)","decl":{"start":{"line":202,"column":37},"end":{"line":202,"column":38}},"loc":{"start":{"line":202,"column":51},"end":{"line":212,"column":3}},"line":202},"27":{"name":"(anonymous_27)","decl":{"start":{"line":203,"column":10},"end":{"line":203,"column":22}},"loc":{"start":{"line":203,"column":22},"end":{"line":211,"column":7}},"line":203},"28":{"name":"(anonymous_28)","decl":{"start":{"line":214,"column":37},"end":{"line":214,"column":38}},"loc":{"start":{"line":214,"column":51},"end":{"line":224,"column":3}},"line":214},"29":{"name":"(anonymous_29)","decl":{"start":{"line":215,"column":10},"end":{"line":215,"column":22}},"loc":{"start":{"line":215,"column":22},"end":{"line":223,"column":7}},"line":215},"30":{"name":"(anonymous_30)","decl":{"start":{"line":227,"column":28},"end":{"line":227,"column":29}},"loc":{"start":{"line":227,"column":42},"end":{"line":229,"column":3}},"line":227},"31":{"name":"(anonymous_31)","decl":{"start":{"line":231,"column":29},"end":{"line":231,"column":30}},"loc":{"start":{"line":231,"column":43},"end":{"line":246,"column":3}},"line":231},"32":{"name":"(anonymous_32)","decl":{"start":{"line":232,"column":10},"end":{"line":232,"column":22}},"loc":{"start":{"line":232,"column":22},"end":{"line":245,"column":7}},"line":232},"33":{"name":"(anonymous_33)","decl":{"start":{"line":236,"column":48},"end":{"line":236,"column":53}},"loc":{"start":{"line":236,"column":53},"end":{"line":236,"column":73}},"line":236},"34":{"name":"(anonymous_34)","decl":{"start":{"line":248,"column":36},"end":{"line":248,"column":37}},"loc":{"start":{"line":248,"column":50},"end":{"line":255,"column":3}},"line":248},"35":{"name":"(anonymous_35)","decl":{"start":{"line":249,"column":10},"end":{"line":249,"column":22}},"loc":{"start":{"line":249,"column":22},"end":{"line":254,"column":7}},"line":249},"36":{"name":"(anonymous_36)","decl":{"start":{"line":251,"column":51},"end":{"line":251,"column":56}},"loc":{"start":{"line":251,"column":56},"end":{"line":251,"column":67}},"line":251},"37":{"name":"(anonymous_37)","decl":{"start":{"line":258,"column":40},"end":{"line":258,"column":41}},"loc":{"start":{"line":258,"column":54},"end":{"line":279,"column":3}},"line":258},"38":{"name":"(anonymous_38)","decl":{"start":{"line":259,"column":10},"end":{"line":259,"column":22}},"loc":{"start":{"line":259,"column":22},"end":{"line":278,"column":7}},"line":259}},"branchMap":{"0":{"loc":{"start":{"line":91,"column":8},"end":{"line":91,"column":null}},"type":"if","locations":[{"start":{"line":91,"column":8},"end":{"line":91,"column":null}},{"start":{},"end":{}}],"line":91},"1":{"loc":{"start":{"line":124,"column":8},"end":{"line":130,"column":null}},"type":"if","locations":[{"start":{"line":124,"column":8},"end":{"line":130,"column":null}},{"start":{"line":128,"column":15},"end":{"line":130,"column":null}}],"line":124},"2":{"loc":{"start":{"line":193,"column":8},"end":{"line":193,"column":null}},"type":"if","locations":[{"start":{"line":193,"column":8},"end":{"line":193,"column":null}},{"start":{},"end":{}}],"line":193},"3":{"loc":{"start":{"line":237,"column":8},"end":{"line":238,"column":null}},"type":"if","locations":[{"start":{"line":237,"column":8},"end":{"line":238,"column":null}},{"start":{"line":238,"column":13},"end":{"line":238,"column":null}}],"line":237},"4":{"loc":{"start":{"line":262,"column":8},"end":{"line":262,"column":null}},"type":"if","locations":[{"start":{"line":262,"column":8},"end":{"line":262,"column":null}},{"start":{},"end":{}}],"line":262},"5":{"loc":{"start":{"line":268,"column":26},"end":{"line":269,"column":null}},"type":"binary-expr","locations":[{"start":{"line":268,"column":26},"end":{"line":268,"column":null}},{"start":{"line":269,"column":26},"end":{"line":269,"column":null}}],"line":268},"6":{"loc":{"start":{"line":272,"column":17},"end":{"line":272,"column":null}},"type":"cond-expr","locations":[{"start":{"line":272,"column":30},"end":{"line":272,"column":46}},{"start":{"line":272,"column":46},"end":{"line":272,"column":null}}],"line":272},"7":{"loc":{"start":{"line":273,"column":23},"end":{"line":273,"column":null}},"type":"cond-expr","locations":[{"start":{"line":273,"column":35},"end":{"line":273,"column":50}},{"start":{"line":273,"column":50},"end":{"line":273,"column":null}}],"line":273}},"s":{"0":20,"1":20,"2":20,"3":20,"4":20,"5":20,"6":20,"7":20,"8":20,"9":0,"10":20,"11":20,"12":20,"13":20,"14":20,"15":2,"16":2,"17":2,"18":1,"19":1,"20":1,"21":20,"22":1,"23":20,"24":2,"25":2,"26":2,"27":2,"28":1,"29":1,"30":1,"31":0,"32":1,"33":1,"34":1,"35":1,"36":1,"37":0,"38":20,"39":2,"40":2,"41":2,"42":2,"43":1,"44":1,"45":1,"46":20,"47":0,"48":0,"49":0,"50":0,"51":0,"52":0,"53":0,"54":0,"55":0,"56":0,"57":0,"58":20,"59":1,"60":1,"61":1,"62":2,"63":1,"64":1,"65":20,"66":0,"67":20,"68":0,"69":0,"70":0,"71":0,"72":0,"73":0,"74":20,"75":1,"76":1,"77":1,"78":20,"79":1,"80":1,"81":1,"82":20,"83":1,"84":1,"85":1,"86":1,"87":20,"88":1,"89":1,"90":20,"91":1,"92":1,"93":1,"94":1,"95":0,"96":1,"97":1,"98":0,"99":20,"100":2,"101":2,"102":2,"103":2,"104":1,"105":1,"106":20,"107":0,"108":0,"109":0,"110":0,"111":0,"112":0,"113":20,"114":1,"115":20,"116":3,"117":3,"118":3,"119":3,"120":1,"121":3,"122":1,"123":2,"124":3,"125":2,"126":1,"127":20,"128":1,"129":1,"130":1,"131":1,"132":1,"133":1,"134":20,"135":0,"136":0,"137":0,"138":0,"139":0,"140":0,"141":0,"142":0,"143":0,"144":0,"145":0},"f":{"0":20,"1":2,"2":2,"3":1,"4":2,"5":2,"6":0,"7":1,"8":2,"9":2,"10":0,"11":0,"12":0,"13":1,"14":1,"15":2,"16":0,"17":0,"18":0,"19":1,"20":1,"21":1,"22":1,"23":1,"24":1,"25":1,"26":2,"27":2,"28":0,"29":0,"30":1,"31":3,"32":3,"33":1,"34":1,"35":1,"36":1,"37":0,"38":0},"b":{"0":[1,1],"1":[0,0],"2":[0,1],"3":[1,2],"4":[0,0],"5":[0,0],"6":[0,0],"7":[0,0]},"meta":{"lastBranch":8,"lastFunction":39,"lastStatement":146,"seen":{"f:34:35:34:42":0,"s:36:2:36:Infinity":0,"s:37:2:37:Infinity":1,"s:39:14:39:Infinity":2,"s:40:19:40:Infinity":3,"s:41:15:41:Infinity":4,"s:44:19:44:Infinity":5,"s:45:2:50:Infinity":6,"s:46:15:46:Infinity":7,"s:47:4:47:Infinity":8,"s:49:4:49:Infinity":9,"s:52:17:52:Infinity":10,"s:53:38:63:Infinity":11,"s:64:13:64:Infinity":12,"s:65:2:65:Infinity":13,"s:70:2:80:Infinity":14,"f:70:31:70:32":1,"s:71:4:79:Infinity":15,"f:71:10:71:22":2,"s:72:6:78:Infinity":16,"s:73:22:73:Infinity":17,"s:74:8:74:Infinity":18,"s:76:8:76:Infinity":19,"s:77:8:77:Infinity":20,"s:83:2:85:Infinity":21,"f:83:27:83:28":3,"s:84:4:84:Infinity":22,"s:87:2:104:Infinity":23,"f:87:33:87:34":4,"s:88:4:103:Infinity":24,"f:88:10:88:22":5,"s:89:6:102:Infinity":25,"s:90:29:90:Infinity":26,"b:91:8:91:Infinity:undefined:undefined:undefined:undefined":0,"s:91:8:91:Infinity":27,"s:91:23:91:Infinity":28,"s:93:22:93:Infinity":29,"s:94:30:94:Infinity":30,"f:94:59:94:64":6,"s:94:64:94:70":31,"s:95:24:95:Infinity":32,"f:95:37:95:42":7,"s:95:42:95:68":33,"s:97:8:97:Infinity":34,"s:98:8:98:Infinity":35,"s:99:8:99:Infinity":36,"s:101:8:101:Infinity":37,"s:106:2:117:Infinity":38,"f:106:37:106:38":8,"s:107:4:116:Infinity":39,"f:107:10:107:22":9,"s:108:6:115:Infinity":40,"s:109:25:109:Infinity":41,"s:110:8:110:Infinity":42,"s:111:8:111:Infinity":43,"s:112:8:112:Infinity":44,"s:114:8:114:Infinity":45,"s:119:2:135:Infinity":46,"f:119:35:119:36":10,"s:120:4:134:Infinity":47,"f:120:10:120:22":11,"s:121:6:133:Infinity":48,"s:122:24:122:Infinity":49,"s:123:20:123:Infinity":50,"f:123:47:123:52":12,"s:123:52:123:71":51,"b:124:8:130:Infinity:128:15:130:Infinity":1,"s:124:8:130:Infinity":52,"s:125:10:125:Infinity":53,"s:126:10:126:Infinity":54,"s:127:10:127:Infinity":55,"s:129:10:129:Infinity":56,"s:132:8:132:Infinity":57,"s:137:2:144:Infinity":58,"f:137:35:137:36":13,"s:138:4:143:Infinity":59,"f:138:10:138:22":14,"s:139:21:139:Infinity":60,"s:140:6:140:Infinity":61,"f:140:49:140:54":15,"s:140:54:140:65":62,"s:141:6:141:Infinity":63,"s:142:6:142:Infinity":64,"s:147:2:149:Infinity":65,"f:147:27:147:28":16,"s:148:4:148:Infinity":66,"s:151:2:161:Infinity":67,"f:151:28:151:29":17,"s:152:4:160:Infinity":68,"f:152:10:152:22":18,"s:153:6:159:Infinity":69,"s:154:8:154:Infinity":70,"s:155:8:155:Infinity":71,"s:156:8:156:Infinity":72,"s:158:8:158:Infinity":73,"s:164:2:168:Infinity":74,"f:164:37:164:38":19,"s:165:21:165:Infinity":75,"s:166:4:166:Infinity":76,"s:167:4:167:Infinity":77,"s:170:2:174:Infinity":78,"f:170:41:170:42":20,"s:171:21:171:Infinity":79,"s:172:4:172:Infinity":80,"s:173:4:173:Infinity":81,"s:176:2:182:Infinity":82,"f:176:39:176:40":21,"s:177:4:181:Infinity":83,"f:177:10:177:22":22,"s:178:23:178:Infinity":84,"s:179:6:179:Infinity":85,"s:180:6:180:Infinity":86,"s:184:2:187:Infinity":87,"f:184:45:184:46":23,"s:185:4:185:Infinity":88,"s:186:4:186:Infinity":89,"s:189:2:200:Infinity":90,"f:189:36:189:37":24,"s:190:4:199:Infinity":91,"f:190:10:190:22":25,"s:191:6:198:Infinity":92,"s:192:25:192:Infinity":93,"b:193:8:193:Infinity:undefined:undefined:undefined:undefined":2,"s:193:8:193:Infinity":94,"s:193:19:193:Infinity":95,"s:194:22:194:Infinity":96,"s:195:8:195:Infinity":97,"s:197:8:197:Infinity":98,"s:202:2:212:Infinity":99,"f:202:37:202:38":26,"s:203:4:211:Infinity":100,"f:203:10:203:22":27,"s:204:6:210:Infinity":101,"s:205:25:205:Infinity":102,"s:206:8:206:Infinity":103,"s:207:8:207:Infinity":104,"s:209:8:209:Infinity":105,"s:214:2:224:Infinity":106,"f:214:37:214:38":28,"s:215:4:223:Infinity":107,"f:215:10:215:22":29,"s:216:6:222:Infinity":108,"s:217:25:217:Infinity":109,"s:218:8:218:Infinity":110,"s:219:8:219:Infinity":111,"s:221:8:221:Infinity":112,"s:227:2:229:Infinity":113,"f:227:28:227:29":30,"s:228:4:228:Infinity":114,"s:231:2:246:Infinity":115,"f:231:29:231:30":31,"s:232:4:245:Infinity":116,"f:232:10:232:22":32,"s:233:6:244:Infinity":117,"s:234:25:234:Infinity":118,"s:236:20:236:Infinity":119,"f:236:48:236:53":33,"s:236:53:236:73":120,"b:237:8:238:Infinity:238:13:238:Infinity":3,"s:237:8:238:Infinity":121,"s:237:22:237:Infinity":122,"s:238:13:238:Infinity":123,"s:240:8:240:Infinity":124,"s:241:8:241:Infinity":125,"s:243:8:243:Infinity":126,"s:248:2:255:Infinity":127,"f:248:36:248:37":34,"s:249:4:254:Infinity":128,"f:249:10:249:22":35,"s:250:21:250:Infinity":129,"s:251:6:251:Infinity":130,"f:251:51:251:56":36,"s:251:56:251:67":131,"s:252:6:252:Infinity":132,"s:253:6:253:Infinity":133,"s:258:2:279:Infinity":134,"f:258:40:258:41":37,"s:259:4:278:Infinity":135,"f:259:10:259:22":38,"s:260:6:277:Infinity":136,"s:261:24:261:Infinity":137,"b:262:8:262:Infinity:undefined:undefined:undefined:undefined":4,"s:262:8:262:Infinity":138,"s:262:18:262:Infinity":139,"s:264:25:264:Infinity":140,"s:265:21:265:Infinity":141,"s:267:27:267:Infinity":142,"s:268:26:269:Infinity":143,"b:268:26:268:Infinity:269:26:269:Infinity":5,"s:271:8:274:Infinity":144,"b:272:30:272:46:272:46:272:Infinity":6,"b:273:35:273:50:273:50:273:Infinity":7,"s:276:8:276:Infinity":145}}}
,"C:\\exaltweb\\code\\lab\\dev-dashboard\\src-ssr\\middlewares\\render.ts": {"path":"C:\\exaltweb\\code\\lab\\dev-dashboard\\src-ssr\\middlewares\\render.ts","statementMap":{"0":{"start":{"line":12,"column":2},"end":{"line":59,"column":null}},"1":{"start":{"line":13,"column":4},"end":{"line":13,"column":null}},"2":{"start":{"line":15,"column":4},"end":{"line":58,"column":null}},"3":{"start":{"line":18,"column":8},"end":{"line":18,"column":null}},"4":{"start":{"line":24,"column":8},"end":{"line":57,"column":null}},"5":{"start":{"line":25,"column":10},"end":{"line":29,"column":null}},"6":{"start":{"line":26,"column":12},"end":{"line":26,"column":null}},"7":{"start":{"line":28,"column":12},"end":{"line":28,"column":null}},"8":{"start":{"line":30,"column":8},"end":{"line":57,"column":null}},"9":{"start":{"line":35,"column":10},"end":{"line":35,"column":null}},"10":{"start":{"line":36,"column":8},"end":{"line":57,"column":null}},"11":{"start":{"line":43,"column":10},"end":{"line":43,"column":null}},"12":{"start":{"line":52,"column":10},"end":{"line":52,"column":null}},"13":{"start":{"line":54,"column":10},"end":{"line":56,"column":null}},"14":{"start":{"line":55,"column":12},"end":{"line":55,"column":null}}},"fnMap":{"0":{"name":"(anonymous_0)","decl":{"start":{"line":9,"column":35},"end":{"line":9,"column":36}},"loc":{"start":{"line":9,"column":72},"end":{"line":60,"column":1}},"line":9},"1":{"name":"(anonymous_1)","decl":{"start":{"line":12,"column":37},"end":{"line":12,"column":38}},"loc":{"start":{"line":12,"column":70},"end":{"line":59,"column":3}},"line":12},"2":{"name":"(anonymous_2)","decl":{"start":{"line":16,"column":12},"end":{"line":16,"column":13}},"loc":{"start":{"line":16,"column":22},"end":{"line":19,"column":7}},"line":16},"3":{"name":"(anonymous_3)","decl":{"start":{"line":20,"column":13},"end":{"line":20,"column":14}},"loc":{"start":{"line":20,"column":35},"end":{"line":58,"column":7}},"line":20}},"branchMap":{"0":{"loc":{"start":{"line":24,"column":8},"end":{"line":57,"column":null}},"type":"if","locations":[{"start":{"line":24,"column":8},"end":{"line":57,"column":null}},{"start":{"line":30,"column":8},"end":{"line":57,"column":null}}],"line":24},"1":{"loc":{"start":{"line":25,"column":10},"end":{"line":29,"column":null}},"type":"if","locations":[{"start":{"line":25,"column":10},"end":{"line":29,"column":null}},{"start":{"line":27,"column":17},"end":{"line":29,"column":null}}],"line":25},"2":{"loc":{"start":{"line":30,"column":8},"end":{"line":57,"column":null}},"type":"if","locations":[{"start":{"line":30,"column":8},"end":{"line":57,"column":null}},{"start":{"line":36,"column":8},"end":{"line":57,"column":null}}],"line":30},"3":{"loc":{"start":{"line":36,"column":8},"end":{"line":57,"column":null}},"type":"if","locations":[{"start":{"line":36,"column":8},"end":{"line":57,"column":null}},{"start":{"line":44,"column":15},"end":{"line":57,"column":null}}],"line":36},"4":{"loc":{"start":{"line":54,"column":10},"end":{"line":56,"column":null}},"type":"if","locations":[{"start":{"line":54,"column":10},"end":{"line":56,"column":null}},{"start":{},"end":{}}],"line":54}},"s":{"0":0,"1":0,"2":0,"3":0,"4":0,"5":0,"6":0,"7":0,"8":0,"9":0,"10":0,"11":0,"12":0,"13":0,"14":0},"f":{"0":0,"1":0,"2":0,"3":0},"b":{"0":[0,0],"1":[0,0],"2":[0,0],"3":[0,0],"4":[0,0]},"meta":{"lastBranch":5,"lastFunction":4,"lastStatement":15,"seen":{"f:9:35:9:36":0,"s:12:2:59:Infinity":0,"f:12:37:12:38":1,"s:13:4:13:Infinity":1,"s:15:4:58:Infinity":2,"f:16:12:16:13":2,"s:18:8:18:Infinity":3,"f:20:13:20:14":3,"b:24:8:57:Infinity:30:8:57:Infinity":0,"s:24:8:57:Infinity":4,"b:25:10:29:Infinity:27:17:29:Infinity":1,"s:25:10:29:Infinity":5,"s:26:12:26:Infinity":6,"s:28:12:28:Infinity":7,"b:30:8:57:Infinity:36:8:57:Infinity":2,"s:30:8:57:Infinity":8,"s:35:10:35:Infinity":9,"b:36:8:57:Infinity:44:15:57:Infinity":3,"s:36:8:57:Infinity":10,"s:43:10:43:Infinity":11,"s:52:10:52:Infinity":12,"b:54:10:56:Infinity:undefined:undefined:undefined:undefined":4,"s:54:10:56:Infinity":13,"s:55:12:55:Infinity":14}}}
[...]
10:106:33:106:33:106:46":16,"s:106:46:106:Infinity":42,"s:107:6:107:Infinity":43,"s:108:6:130:Infinity":44,"s:109:25:109:Infinity":45,"b:110:8:124:Infinity:undefined:undefined:undefined:undefined":17,"s:110:8:124:Infinity":46,"s:111:33:111:Infinity":47,"s:112:10:123:Infinity":48,"s:113:31:113:Infinity":49,"f:113:50:113:56":10,"s:113:56:113:70":50,"s:114:27:118:Infinity":51,"b:116:28:116:46:116:46:116:74:116:74:116:Infinity":18,"b:117:24:117:48:117:48:117:Infinity":19,"s:119:24:119:Infinity":52,"f:119:48:119:54":11,"s:119:54:119:68":53,"b:120:12:121:Infinity:121:17:121:Infinity":20,"s:120:12:121:Infinity":54,"s:120:26:120:Infinity":55,"s:121:17:121:Infinity":56,"s:122:12:122:Infinity":57,"s:126:8:126:Infinity":58,"s:127:8:127:Infinity":59,"s:129:8:129:Infinity":60,"f:132:10:132:24":12,"b:133:6:133:Infinity:undefined:undefined:undefined:undefined":21,"s:133:6:133:Infinity":61,"s:133:31:133:Infinity":62,"s:134:6:139:Infinity":63,"s:135:8:135:Infinity":64,"s:136:8:136:Infinity":65,"f:136:45:136:50":13,"s:136:50:136:61":66,"s:138:8:138:Infinity":67,"f:141:10:141:25":14,"b:142:6:142:Infinity:undefined:undefined:undefined:undefined":22,"s:142:6:142:Infinity":68,"s:142:31:142:Infinity":69,"s:143:22:143:Infinity":70,"f:143:41:143:46":15,"s:143:46:143:64":71,"b:144:6:150:Infinity:undefined:undefined:undefined:undefined":23,"s:144:6:150:Infinity":72,"b:145:8:145:Infinity:undefined:undefined:undefined:undefined":24,"s:145:8:145:Infinity":73,"s:145:35:145:Infinity":74,"b:146:8:149:Infinity:undefined:undefined:undefined:undefined":25,"s:146:8:149:Infinity":75,"s:147:10:147:Infinity":76,"s:148:10:148:Infinity":77,"f:152:10:152:28":16,"b:153:6:153:Infinity:undefined:undefined:undefined:undefined":26,"s:153:6:153:Infinity":78,"s:153:31:153:Infinity":79,"s:154:22:154:Infinity":80,"f:154:41:154:46":17,"s:154:46:154:64":81,"b:155:6:158:Infinity:undefined:undefined:undefined:undefined":27,"s:155:6:158:Infinity":82,"b:155:10:155:21:155:21:155:43":28,"s:156:8:156:Infinity":83,"f:156:59:156:64":18,"s:156:64:156:74":84,"s:157:8:157:Infinity":85,"f:160:10:160:21":19,"b:160:37:160:105:undefined:undefined:undefined:undefined":29,"s:160:37:160:105":86,"s:160:53:160:105":87,"f:161:10:161:23":20,"b:161:39:161:111:undefined:undefined:undefined:undefined":30,"s:161:39:161:111":88,"s:161:55:161:111":89,"f:162:10:162:21":21,"b:162:37:162:107:undefined:undefined:undefined:undefined":31,"s:162:37:162:107":90,"s:162:53:162:107":91,"f:163:10:163:18":22,"b:163:34:163:133:undefined:undefined:undefined:undefined":32,"s:163:34:163:133":92,"s:163:52:163:104":93,"s:163:104:163:131":94,"f:164:10:164:18":23,"b:164:34:164:133:undefined:undefined:undefined:undefined":33,"s:164:34:164:133":95,"s:164:52:164:104":96,"s:164:104:164:131":97,"f:165:10:165:18":24,"b:165:25:165:32":34,"b:166:6:166:Infinity:undefined:undefined:undefined:undefined":35,"s:166:6:166:Infinity":98,"b:166:10:166:33:166:33:166:51:166:51:166:64":36,"s:166:64:166:Infinity":99,"s:168:6:168:Infinity":100,"s:169:6:185:Infinity":101,"s:170:25:170:Infinity":102,"s:171:31:171:Infinity":103,"b:171:62:171:78:171:78:171:Infinity":37,"s:173:8:180:Infinity":104,"f:173:43:173:44":25,"s:174:24:174:Infinity":105,"f:174:43:174:48":26,"s:174:48:174:62":106,"s:175:10:179:Infinity":107,"b:177:26:177:45:177:45:177:68:177:68:177:Infinity":38,"b:178:22:178:41:178:41:178:Infinity":39,"s:182:8:182:Infinity":108,"s:182:39:182:Infinity":109,"s:184:8:184:Infinity":110}}}
,"C:\\exaltweb\\code\\lab\\dev-dashboard\\src\\stores\\settingsStore.ts": {"path":"C:\\exaltweb\\code\\lab\\dev-dashboard\\src\\stores\\settingsStore.ts","statementMap":{"0":{"start":{"line":17,"column":14},"end":{"line":17,"column":null}},"1":{"start":{"line":17,"column":32},"end":{"line":17,"column":null}},"2":{"start":{"line":19,"column":13},"end":{"line":108,"column":null}},"3":{"start":{"line":20,"column":16},"end":{"line":31,"column":null}},"4":{"start":{"line":34,"column":6},"end":{"line":34,"column":null}},"5":{"start":{"line":37,"column":6},"end":{"line":37,"column":null}},"6":{"start":{"line":37,"column":28},"end":{"line":37,"column":null}},"7":{"start":{"line":40,"column":6},"end":{"line":40,"column":null}},"8":{"start":{"line":43,"column":7},"end":{"line":43,"column":null}},"9":{"start":{"line":46,"column":6},"end":{"line":49,"column":null}},"10":{"start":{"line":46,"column":18},"end":{"line":46,"column":42}},"11":{"start":{"line":47,"column":8},"end":{"line":47,"column":null}},"12":{"start":{"line":48,"column":8},"end":{"line":48,"column":null}},"13":{"start":{"line":52,"column":6},"end":{"line":54,"column":null}},"14":{"start":{"line":52,"column":18},"end":{"line":52,"column":40}},"15":{"start":{"line":53,"column":8},"end":{"line":53,"column":null}},"16":{"start":{"line":57,"column":6},"end":{"line":59,"column":null}},"17":{"start":{"line":57,"column":18},"end":{"line":57,"column":49}},"18":{"start":{"line":58,"column":8},"end":{"line":58,"column":null}},"19":{"start":{"line":61,"column":6},"end":{"line":61,"column":null}},"20":{"start":{"line":64,"column":6},"end":{"line":64,"column":null}},"21":{"start":{"line":64,"column":31},"end":{"line":64,"column":null}},"22":{"start":{"line":66,"column":6},"end":{"line":66,"column":null}},"23":{"start":{"line":67,"column":6},"end":{"line":92,"column":null}},"24":{"start":{"line":69,"column":22},"end":{"line":69,"column":null}},"25":{"start":{"line":70,"column":8},"end":{"line":73,"column":null}},"26":{"start":{"line":72,"column":10},"end":{"line":72,"column":null}},"27":{"start":{"line":77,"column":8},"end":{"line":85,"column":null}},"28":{"start":{"line":78,"column":27},"end":{"line":78,"column":null}},"29":{"start":{"line":79,"column":10},"end":{"line":82,"column":null}},"30":{"start":{"line":80,"column":12},"end":{"line":80,"column":null}},"31":{"start":{"line":81,"column":12},"end":{"line":81,"column":null}},"32":{"start":{"line":87,"column":8},"end":{"line":87,"column":null}},"33":{"start":{"line":87,"column":35},"end":{"line":87,"column":null}},"34":{"start":{"line":89,"column":8},"end":{"line":89,"column":null}},"35":{"start":{"line":91,"column":8},"end":{"line":91,"column":null}},"36":{"start":{"line":95,"column":6},"end":{"line":95,"column":null}},"37":{"start":{"line":98,"column":6},"end":{"line":98,"column":null}},"38":{"start":{"line":98,"column":31},"end":{"line":98,"column":null}},"39":{"start":{"line":100,"column":6},"end":{"line":105,"column":null}},"40":{"start":{"line":101,"column":30},"end":{"line":101,"column":null}},"41":{"start":{"line":102,"column":8},"end":{"line":102,"column":null}},"42":{"start":{"line":104,"column":8},"end":{"line":104,"column":null}}},"fnMap":{"0":{"name":"(anonymous_0)","decl":{"start":{"line":17,"column":14},"end":{"line":17,"column":18}},"loc":{"start":{"line":17,"column":32},"end":{"line":17,"column":null}},"line":17},"1":{"name":"(anonymous_1)","decl":{"start":{"line":20,"column":9},"end":{"line":20,"column":16}},"loc":{"start":{"line":20,"column":16},"end":{"line":31,"column":null}},"line":20},"2":{"name":"(anonymous_2)","decl":{"start":{"line":33,"column":4},"end":{"line":33,"column":17}},"loc":{"start":{"line":33,"column":17},"end":{"line":35,"column":null}},"line":33},"3":{"name":"(anonymous_3)","decl":{"start":{"line":36,"column":10},"end":{"line":36,"column":17}},"loc":{"start":{"line":36,"column":17},"end":{"line":62,"column":null}},"line":36},"4":{"name":"(anonymous_4)","decl":{"start":{"line":46,"column":12},"end":{"line":46,"column":18}},"loc":{"start":{"line":46,"column":18},"end":{"line":46,"column":42}},"line":46},"5":{"name":"(anonymous_5)","decl":{"start":{"line":46,"column":42},"end":{"line":46,"column":43}},"loc":{"start":{"line":46,"column":54},"end":{"line":49,"column":7}},"line":46},"6":{"name":"(anonymous_6)","decl":{"start":{"line":52,"column":12},"end":{"line":52,"column":18}},"loc":{"start":{"line":52,"column":18},"end":{"line":52,"column":40}},"line":52},"7":{"name":"(anonymous_7)","decl":{"start":{"line":52,"column":40},"end":{"line":52,"column":46}},"loc":{"start":{"line":52,"column":46},"end":{"line":54,"column":7}},"line":52},"8":{"name":"(anonymous_8)","decl":{"start":{"line":57,"column":12},"end":{"line":57,"column":18}},"loc":{"start":{"line":57,"column":18},"end":{"line":57,"column":49}},"line":57},"9":{"name":"(anonymous_9)","decl":{"start":{"line":57,"column":49},"end":{"line":57,"column":55}},"loc":{"start":{"line":57,"column":55},"end":{"line":59,"column":7}},"line":57},"10":{"name":"(anonymous_10)","decl":{"start":{"line":63,"column":10},"end":{"line":63,"column":25}},"loc":{"start":{"line":63,"column":25},"end":{"line":93,"column":null}},"line":63},"11":{"name":"(anonymous_11)","decl":{"start":{"line":94,"column":28},"end":{"line":94,"column":48}},"loc":{"start":{"line":94,"column":48},"end":{"line":96,"column":7}},"line":94},"12":{"name":"(anonymous_12)","decl":{"start":{"line":97,"column":10},"end":{"line":97,"column":25}},"loc":{"start":{"line":97,"column":25},"end":{"line":106,"column":null}},"line":97}},"branchMap":{"0":{"loc":{"start":{"line":37,"column":6},"end":{"line":37,"column":null}},"type":"if","locations":[{"start":{"line":37,"column":6},"end":{"line":37,"column":null}},{"start":{},"end":{}}],"line":37},"1":{"loc":{"start":{"line":64,"column":6},"end":{"line":64,"column":null}},"type":"if","locations":[{"start":{"line":64,"column":6},"end":{"line":64,"column":null}},{"start":{},"end":{}}],"line":64},"2":{"loc":{"start":{"line":70,"column":8},"end":{"line":73,"column":null}},"type":"if","locations":[{"start":{"line":70,"column":8},"end":{"line":73,"column":null}},{"start":{},"end":{}}],"line":70},"3":{"loc":{"start":{"line":79,"column":10},"end":{"line":82,"column":null}},"type":"if","locations":[{"start":{"line":79,"column":10},"end":{"line":82,"column":null}},{"start":{},"end":{}}],"line":79},"4":{"loc":{"start":{"line":79,"column":14},"end":{"line":79,"column":107}},"type":"binary-expr","locations":[{"start":{"line":79,"column":14},"end":{"line":79,"column":31}},{"start":{"line":79,"column":31},"end":{"line":79,"column":68}},{"start":{"line":79,"column":68},"end":{"line":79,"column":107}}],"line":79},"5":{"loc":{"start":{"line":87,"column":8},"end":{"line":87,"column":null}},"type":"if","locations":[{"start":{"line":87,"column":8},"end":{"line":87,"column":null}},{"start":{},"end":{}}],"line":87},"6":{"loc":{"start":{"line":98,"column":6},"end":{"line":98,"column":null}},"type":"if","locations":[{"start":{"line":98,"column":6},"end":{"line":98,"column":null}},{"start":{},"end":{}}],"line":98}},"s":{"0":4,"1":1,"2":4,"3":19,"4":0,"5":0,"6":0,"7":0,"8":0,"9":0,"10":0,"11":0,"12":0,"13":0,"14":0,"15":0,"16":0,"17":0,"18":0,"19":0,"20":1,"21":0,"22":1,"23":1,"24":1,"25":1,"26":1,"27":1,"28":1,"29":1,"30":0,"31":0,"32":1,"33":0,"34":0,"35":1,"36":0,"37":1,"38":0,"39":1,"40":1,"41":1,"42":0},"f":{"0":1,"1":19,"2":0,"3":0,"4":0,"5":0,"6":0,"7":0,"8":0,"9":0,"10":1,"11":0,"12":1},"b":{"0":[0,0],"1":[0,1],"2":[1,0],"3":[0,1],"4":[1,0,0],"5":[0,1],"6":[0,1]},"meta":{"lastBranch":7,"lastFunction":13,"lastStatement":43,"seen":{"s:17:14:17:Infinity":0,"f:17:14:17:18":0,"s:17:32:17:Infinity":1,"s:19:13:108:Infinity":2,"f:20:9:20:16":1,"s:20:16:31:Infinity":3,"f:33:4:33:17":2,"s:34:6:34:Infinity":4,"f:36:10:36:17":3,"b:37:6:37:Infinity:undefined:undefined:undefined:undefined":0,"s:37:6:37:Infinity":5,"s:37:28:37:Infinity":6,"s:40:6:40:Infinity":7,"s:43:7:43:Infinity":8,"s:46:6:49:Infinity":9,"f:46:12:46:18":4,"s:46:18:46:42":10,"f:46:42:46:43":5,"s:47:8:47:Infinity":11,"s:48:8:48:Infinity":12,"s:52:6:54:Infinity":13,"f:52:12:52:18":6,"s:52:18:52:40":14,"f:52:40:52:46":7,"s:53:8:53:Infinity":15,"s:57:6:59:Infinity":16,"f:57:12:57:18":8,"s:57:18:57:49":17,"f:57:49:57:55":9,"s:58:8:58:Infinity":18,"s:61:6:61:Infinity":19,"f:63:10:63:25":10,"b:64:6:64:Infinity:undefined:undefined:undefined:undefined":1,"s:64:6:64:Infinity":20,"s:64:31:64:Infinity":21,"s:66:6:66:Infinity":22,"s:67:6:92:Infinity":23,"s:69:22:69:Infinity":24,"b:70:8:73:Infinity:undefined:undefined:undefined:undefined":2,"s:70:8:73:Infinity":25,"s:72:10:72:Infinity":26,"s:77:8:85:Infinity":27,"s:78:27:78:Infinity":28,"b:79:10:82:Infinity:undefined:undefined:undefined:undefined":3,"s:79:10:82:Infinity":29,"b:79:14:79:31:79:31:79:68:79:68:79:107":4,"s:80:12:80:Infinity":30,"s:81:12:81:Infinity":31,"b:87:8:87:Infinity:undefined:undefined:undefined:undefined":5,"s:87:8:87:Infinity":32,"s:87:35:87:Infinity":33,"s:89:8:89:Infinity":34,"s:91:8:91:Infinity":35,"f:94:28:94:48":11,"s:95:6:95:Infinity":36,"f:97:10:97:25":12,"b:98:6:98:Infinity:undefined:undefined:undefined:undefined":6,"s:98:6:98:Infinity":37,"s:98:31:98:Infinity":38,"s:100:6:105:Infinity":39,"s:101:30:101:Infinity":40,"s:102:8:102:Infinity":41,"s:104:8:104:Infinity":42}}}
,"C:\\exaltweb\\code\\lab\\dev-dashboard\\src\\stores\\systemStore.ts": {"path":"C:\\exaltweb\\code\\lab\\dev-dashboard\\src\\stores\\systemStore.ts","statementMap":{"0":{"start":{"line":30,"column":13},"end":{"line":92,"column":null}},"1":{"start":{"line":31,"column":16},"end":{"line":36,"column":null}},"2":{"start":{"line":39,"column":12},"end":{"line":39,"column":null}},"3":{"start":{"line":40,"column":6},"end":{"line":40,"column":null}},"4":{"start":{"line":40,"column":85},"end":{"line":40,"column":null}},"5":{"start":{"line":42,"column":6},"end":{"line":42,"column":null}},"6":{"start":{"line":43,"column":6},"end":{"line":50,"column":null}},"7":{"start":{"line":44,"column":25},"end":{"line":44,"column":null}},"8":{"start":{"line":45,"column":8},"end":{"line":45,"column":null}},"9":{"start":{"line":47,"column":8},"end":{"line":47,"column":null}},"10":{"start":{"line":49,"column":8},"end":{"line":49,"column":null}},"11":{"start":{"line":53,"column":6},"end":{"line":53,"column":null}},"12":{"start":{"line":53,"column":23},"end":{"line":53,"column":null}},"13":{"start":{"line":54,"column":6},"end":{"line":60,"column":null}},"14":{"start":{"line":55,"column":25},"end":{"line":55,"column":null}},"15":{"start":{"line":56,"column":8},"end":{"line":56,"column":null}},"16":{"start":{"line":58,"column":8},"end":{"line":58,"column":null}},"17":{"start":{"line":59,"column":8},"end":{"line":59,"column":null}},"18":{"start":{"line":63,"column":6},"end":{"line":63,"column":null}},"19":{"start":{"line":63,"column":23},"end":{"line":63,"column":null}},"20":{"start":{"line":64,"column":6},"end":{"line":68,"column":null}},"21":{"start":{"line":65,"column":8},"end":{"line":65,"column":null}},"22":{"start":{"line":67,"column":8},"end":{"line":67,"column":null}},"23":{"start":{"line":71,"column":12},"end":{"line":71,"column":null}},"24":{"start":{"line":72,"column":20},"end":{"line":75,"column":null}},"25":{"start":{"line":73,"column":9},"end":{"line":74,"column":null}},"26":{"start":{"line":76,"column":6},"end":{"line":76,"column":null}},"27":{"start":{"line":79,"column":6},"end":{"line":83,"column":null}},"28":{"start":{"line":84,"column":6},"end":{"line":86,"column":null}},"29":{"start":{"line":85,"column":8},"end":{"line":85,"column":null}},"30":{"start":{"line":89,"column":6},"end":{"line":89,"column":null}}},"fnMap":{"0":{"name":"(anonymous_0)","decl":{"start":{"line":31,"column":9},"end":{"line":31,"column":16}},"loc":{"start":{"line":31,"column":16},"end":{"line":36,"column":null}},"line":31},"1":{"name":"(anonymous_1)","decl":{"start":{"line":38,"column":10},"end":{"line":38,"column":23}},"loc":{"start":{"line":38,"column":23},"end":{"line":51,"column":null}},"line":38},"2":{"name":"(anonymous_2)","decl":{"start":{"line":52,"column":10},"end":{"line":52,"column":20}},"loc":{"start":{"line":52,"column":52},"end":{"line":61,"column":null}},"line":52},"3":{"name":"(anonymous_3)","decl":{"start":{"line":62,"column":10},"end":{"line":62,"column":28}},"loc":{"start":{"line":62,"column":28},"end":{"line":69,"column":null}},"line":62},"4":{"name":"(anonymous_4)","decl":{"start":{"line":70,"column":4},"end":{"line":70,"column":23}},"loc":{"start":{"line":70,"column":52},"end":{"line":77,"column":null}},"line":70},"5":{"name":"(anonymous_5)","decl":{"start":{"line":72,"column":48},"end":{"line":72,"column":null}},"loc":{"start":{"line":73,"column":9},"end":{"line":74,"column":null}},"line":73},"6":{"name":"(anonymous_6)","decl":{"start":{"line":78,"column":4},"end":{"line":78,"column":20}},"loc":{"start":{"line":78,"column":62},"end":{"line":87,"column":null}},"line":78},"7":{"name":"(anonymous_7)","decl":{"start":{"line":88,"column":4},"end":{"line":88,"column":25}},"loc":{"start":{"line":88,"column":25},"end":{"line":90,"column":null}},"line":88}},"branchMap":{"0":{"loc":{"start":{"line":40,"column":6},"end":{"line":40,"column":null}},"type":"if","locations":[{"start":{"line":40,"column":6},"end":{"line":40,"column":null}},{"start":{},"end":{}}],"line":40},"1":{"loc":{"start":{"line":40,"column":10},"end":{"line":40,"column":85}},"type":"binary-expr","locations":[{"start":{"line":40,"column":10},"end":{"line":40,"column":29}},{"start":{"line":40,"column":29},"end":{"line":40,"column":44}},{"start":{"line":40,"column":44},"end":{"line":40,"column":85}}],"line":40},"2":{"loc":{"start":{"line":53,"column":6},"end":{"line":53,"column":null}},"type":"if","locations":[{"start":{"line":53,"column":6},"end":{"line":53,"column":null}},{"start":{},"end":{}}],"line":53},"3":{"loc":{"start":{"line":63,"column":6},"end":{"line":63,"column":null}},"type":"if","locations":[{"start":{"line":63,"column":6},"end":{"line":63,"column":null}},{"start":{},"end":{}}],"line":63},"4":{"loc":{"start":{"line":73,"column":9},"end":{"line":74,"column":null}},"type":"binary-expr","locations":[{"start":{"line":73,"column":9},"end":{"line":73,"column":20}},{"start":{"line":73,"column":20},"end":{"line":73,"column":null}},{"start":{"line":74,"column":9},"end":{"line":74,"column":27}},{"start":{"line":74,"column":27},"end":{"line":74,"column":null}}],"line":73},"5":{"loc":{"start":{"line":76,"column":13},"end":{"line":76,"column":null}},"type":"cond-expr","locations":[{"start":{"line":76,"column":21},"end":{"line":76,"column":34}},{"start":{"line":76,"column":34},"end":{"line":76,"column":null}}],"line":76},"6":{"loc":{"start":{"line":84,"column":6},"end":{"line":86,"column":null}},"type":"if","locations":[{"start":{"line":84,"column":6},"end":{"line":86,"column":null}},{"start":{},"end":{}}],"line":84}},"s":{"0":3,"1":19,"2":5,"3":5,"4":1,"5":4,"6":4,"7":4,"8":4,"9":0,"10":4,"11":1,"12":0,"13":1,"14":1,"15":1,"16":0,"17":0,"18":1,"19":0,"20":1,"21":1,"22":0,"23":3,"24":3,"25":3,"26":3,"27":0,"28":0,"29":0,"30":0},"f":{"0":19,"1":5,"2":1,"3":1,"4":3,"5":3,"6":0,"7":0},"b":{"0":[1,4],"1":[5,5,5],"2":[0,1],"3":[0,1],"4":[3,3,2,2],"5":[2,1],"6":[0,0]},"meta":{"lastBranch":7,"lastFunction":8,"lastStatement":31,"seen":{"s:30:13:92:Infinity":0,"f:31:9:31:16":0,"s:31:16:36:Infinity":1,"f:38:10:38:23":1,"s:39:12:39:Infinity":2,"b:40:6:40:Infinity:undefined:undefined:undefined:undefined":0,"s:40:6:40:Infinity":3,"b:40:10:40:29:40:29:40:44:40:44:40:85":1,"s:40:85:40:Infinity":4,"s:42:6:42:Infinity":5,"s:43:6:50:Infinity":6,"s:44:25:44:Infinity":7,"s:45:8:45:Infinity":8,"s:47:8:47:Infinity":9,"s:49:8:49:Infinity":10,"f:52:10:52:20":2,"b:53:6:53:Infinity:undefined:undefined:undefined:undefined":2,"s:53:6:53:Infinity":11,"s:53:23:53:Infinity":12,"s:54:6:60:Infinity":13,"s:55:25:55:Infinity":14,"s:56:8:56:Infinity":15,"s:58:8:58:Infinity":16,"s:59:8:59:Infinity":17,"f:62:10:62:28":3,"b:63:6:63:Infinity:undefined:undefined:undefined:undefined":3,"s:63:6:63:Infinity":18,"s:63:23:63:Infinity":19,"s:64:6:68:Infinity":20,"s:65:8:65:Infinity":21,"s:67:8:67:Infinity":22,"f:70:4:70:23":4,"s:71:12:71:Infinity":23,"s:72:20:75:Infinity":24,"f:72:48:72:Infinity":5,"s:73:9:74:Infinity":25,"b:73:9:73:20:73:20:73:Infinity:74:9:74:27:74:27:74:Infinity":4,"s:76:6:76:Infinity":26,"b:76:21:76:34:76:34:76:Infinity":5,"f:78:4:78:20":6,"s:79:6:83:Infinity":27,"b:84:6:86:Infinity:undefined:undefined:undefined:undefined":6,"s:84:6:86:Infinity":28,"s:85:8:85:Infinity":29,"f:88:4:88:25":7,"s:89:6:89:Infinity":30}}}
}
